Added Component: Designator=Fuente(SIP6)
Add component. Clean all parameters for all variants
Added Component: Designator=GND?(SIP2)
Add component. Clean all parameters for all variants
Added Component: Designator=J1(JUMPER3)
Add component. Clean all parameters for all variants
Added Component: Designator=J2(JUMPER3)
Add component. Clean all parameters for all variants
Added Component: Designator=J3(JUMPER3)
Add component. Clean all parameters for all variants
Added Component: Designator=J4(JUMPER3)
Add component. Clean all parameters for all variants
Added Component: Designator=LM?(DIP14)
Add component. Clean all parameters for all variants
Added Component: Designator=R1*(RES400)
Add component. Clean all parameters for all variants
Added Component: Designator=R1(RES400)
Add component. Clean all parameters for all variants
Added Component: Designator=R2*(RES400)
Add component. Clean all parameters for all variants
Added Component: Designator=R2(RES400)
Add component. Clean all parameters for all variants
Added Component: Designator=R3*(RES400)
Add component. Clean all parameters for all variants
Added Component: Designator=R3(RES400)
Add component. Clean all parameters for all variants
Added Component: Designator=R4*(RES400)
Add component. Clean all parameters for all variants
Added Component: Designator=R4(RES400)
Add component. Clean all parameters for all variants
Added Component: Designator=VIN?(SIP6)
Add component. Clean all parameters for all variants
Added Component: Designator=vOUT?(SIP6)
Add component. Clean all parameters for all variants
Added Pin To Net: NetName=GND Pin=GND?-1
Added Pin To Net: NetName=GND Pin=GND?-2
Added Pin To Net: NetName=GND Pin=J1-1
Added Pin To Net: NetName=GND Pin=J4-1
Added Pin To Net: NetName=GND Pin=R1*-1
Added Pin To Net: NetName=GND Pin=R4*-1
Added Pin To Net: NetName=GND Pin=VIN?-5
Added Pin To Net: NetName=GND Pin=VIN?-6
Added Pin To Net: NetName=GND Pin=vOUT?-1
Added Pin To Net: NetName=GND Pin=vOUT?-2
Added Net: Name=GND
Added Pin To Net: NetName=NetJ1_2 Pin=J1-2
Added Pin To Net: NetName=NetJ1_2 Pin=R1*-2
Added Pin To Net: NetName=NetJ1_2 Pin=R1-1
Added Net: Name=NetJ1_2
Added Pin To Net: NetName=NetJ2_2 Pin=J2-2
Added Pin To Net: NetName=NetJ2_2 Pin=R2*-2
Added Pin To Net: NetName=NetJ2_2 Pin=R2-1
Added Net: Name=NetJ2_2
Added Pin To Net: NetName=NetJ3_2 Pin=J3-2
Added Pin To Net: NetName=NetJ3_2 Pin=R3*-1
Added Pin To Net: NetName=NetJ3_2 Pin=R3-2
Added Net: Name=NetJ3_2
Added Pin To Net: NetName=NetJ4_2 Pin=J4-2
Added Pin To Net: NetName=NetJ4_2 Pin=R4*-2
Added Pin To Net: NetName=NetJ4_2 Pin=R4-1
Added Net: Name=NetJ4_2
Added Pin To Net: NetName=OUT1 Pin=J2-3
Added Pin To Net: NetName=OUT1 Pin=J3-3
Added Pin To Net: NetName=OUT1 Pin=J4-3
Added Pin To Net: NetName=OUT1 Pin=LM?-1
Added Pin To Net: NetName=OUT1 Pin=LM?-3
Added Pin To Net: NetName=OUT1 Pin=R2-2
Added Pin To Net: NetName=OUT1 Pin=R3*-2
Added Pin To Net: NetName=OUT1 Pin=R4-2
Added Pin To Net: NetName=OUT1 Pin=vOUT?-5
Added Pin To Net: NetName=OUT1 Pin=vOUT?-6
Added Net: Name=OUT1
Added Pin To Net: NetName=V-1 Pin=J1-3
Added Pin To Net: NetName=V-1 Pin=J2-1
Added Pin To Net: NetName=V-1 Pin=LM?-2
Added Pin To Net: NetName=V-1 Pin=R1-2
Added Pin To Net: NetName=V-1 Pin=R2*-1
Added Net: Name=V-1
Added Pin To Net: NetName=VCC Pin=Fuente-1
Added Pin To Net: NetName=VCC Pin=Fuente-2
Added Pin To Net: NetName=VCC Pin=LM?-4
Added Net: Name=VCC
Added Pin To Net: NetName=VEE Pin=Fuente-5
Added Pin To Net: NetName=VEE Pin=Fuente-6
Added Pin To Net: NetName=VEE Pin=LM?-11
Added Net: Name=VEE
Added Pin To Net: NetName=VIN Pin=J3-1
Added Pin To Net: NetName=VIN Pin=R3-1
Added Pin To Net: NetName=VIN Pin=VIN?-1
Added Pin To Net: NetName=VIN Pin=VIN?-2
Added Net: Name=VIN
Added Class: Name=Esquematico
Added Room: Name=Esquematico
