This is pdfTeX, Version 3.14159265-2.6-1.40.18 (MiKTeX 2.9.6500) (preloaded format=pdflatex 2018.3.23)  5 SEP 2019 15:31
entering extended mode
**"./Informe TP02 - Grupo 4.tex"
("Informe TP02 - Grupo 4.tex"
LaTeX2e <2017-04-15>
Babel <3.15> and hyphenation patterns for 75 language(s) loaded.
(preamble.tex ("C:\Program Files (x86)\MiKTeX 2.9\tex\latex\base\article.cls"
Document Class: article 2014/09/29 v1.4h Standard LaTeX document class
("C:\Program Files (x86)\MiKTeX 2.9\tex\latex\base\size10.clo"
File: size10.clo 2014/09/29 v1.4h Standard LaTeX file (size option)
)
\c@part=\count79
\c@section=\count80
\c@subsection=\count81
\c@subsubsection=\count82
\c@paragraph=\count83
\c@subparagraph=\count84
\c@figure=\count85
\c@table=\count86
\abovecaptionskip=\skip41
\belowcaptionskip=\skip42
\bibindent=\dimen102
)
("C:\Program Files (x86)\MiKTeX 2.9\tex\latex\base\fontenc.sty"
Package: fontenc 2017/04/05 v2.0i Standard LaTeX package

("C:\Program Files (x86)\MiKTeX 2.9\tex\latex\base\t1enc.def"
File: t1enc.def 2017/04/05 v2.0i Standard LaTeX file
LaTeX Font Info:    Redeclaring font encoding T1 on input line 48.
))
("C:\Program Files (x86)\MiKTeX 2.9\tex\lualatex\luainputenc\luainputenc.sty"
Package: luainputenc 2010/11/19 v0.973 inputenc package for LuaTeX

("C:\Program Files (x86)\MiKTeX 2.9\tex\generic\oberdiek\ifluatex.sty"
Package: ifluatex 2016/05/16 v1.4 Provides the ifluatex switch (HO)
Package ifluatex Info: LuaTeX not detected.
)
("C:\Program Files (x86)\MiKTeX 2.9\tex\generic\ifxetex\ifxetex.sty"
Package: ifxetex 2010/09/12 v0.6 Provides ifxetex conditional
)
("C:\Program Files (x86)\MiKTeX 2.9\tex\latex\base\inputenc.sty"
Package: inputenc 2015/03/17 v1.2c Input encoding file
\inpenc@prehook=\toks14
\inpenc@posthook=\toks15

("C:\Program Files (x86)\MiKTeX 2.9\tex\latex\base\utf8.def"
File: utf8.def 2017/01/28 v1.1t UTF-8 support for inputenc
Now handling font encoding OML ...
... no UTF-8 mapping file for font encoding OML
Now handling font encoding T1 ...
... processing UTF-8 mapping file for font encoding T1

("C:\Program Files (x86)\MiKTeX 2.9\tex\latex\base\t1enc.dfu"
File: t1enc.dfu 2017/01/28 v1.1t UTF-8 support for inputenc
   defining Unicode char U+00A0 (decimal 160)
   defining Unicode char U+00A1 (decimal 161)
   defining Unicode char U+00A3 (decimal 163)
   defining Unicode char U+00AB (decimal 171)
   defining Unicode char U+00AD (decimal 173)
   defining Unicode char U+00BB (decimal 187)
   defining Unicode char U+00BF (decimal 191)
   defining Unicode char U+00C0 (decimal 192)
   defining Unicode char U+00C1 (decimal 193)
   defining Unicode char U+00C2 (decimal 194)
   defining Unicode char U+00C3 (decimal 195)
   defining Unicode char U+00C4 (decimal 196)
   defining Unicode char U+00C5 (decimal 197)
   defining Unicode char U+00C6 (decimal 198)
   defining Unicode char U+00C7 (decimal 199)
   defining Unicode char U+00C8 (decimal 200)
   defining Unicode char U+00C9 (decimal 201)
   defining Unicode char U+00CA (decimal 202)
   defining Unicode char U+00CB (decimal 203)
   defining Unicode char U+00CC (decimal 204)
   defining Unicode char U+00CD (decimal 205)
   defining Unicode char U+00CE (decimal 206)
   defining Unicode char U+00CF (decimal 207)
   defining Unicode char U+00D0 (decimal 208)
   defining Unicode char U+00D1 (decimal 209)
   defining Unicode char U+00D2 (decimal 210)
   defining Unicode char U+00D3 (decimal 211)
   defining Unicode char U+00D4 (decimal 212)
   defining Unicode char U+00D5 (decimal 213)
   defining Unicode char U+00D6 (decimal 214)
   defining Unicode char U+00D8 (decimal 216)
   defining Unicode char U+00D9 (decimal 217)
   defining Unicode char U+00DA (decimal 218)
   defining Unicode char U+00DB (decimal 219)
   defining Unicode char U+00DC (decimal 220)
   defining Unicode char U+00DD (decimal 221)
   defining Unicode char U+00DE (decimal 222)
   defining Unicode char U+00DF (decimal 223)
   defining Unicode char U+00E0 (decimal 224)
   defining Unicode char U+00E1 (decimal 225)
   defining Unicode char U+00E2 (decimal 226)
   defining Unicode char U+00E3 (decimal 227)
   defining Unicode char U+00E4 (decimal 228)
   defining Unicode char U+00E5 (decimal 229)
   defining Unicode char U+00E6 (decimal 230)
   defining Unicode char U+00E7 (decimal 231)
   defining Unicode char U+00E8 (decimal 232)
   defining Unicode char U+00E9 (decimal 233)
   defining Unicode char U+00EA (decimal 234)
   defining Unicode char U+00EB (decimal 235)
   defining Unicode char U+00EC (decimal 236)
   defining Unicode char U+00ED (decimal 237)
   defining Unicode char U+00EE (decimal 238)
   defining Unicode char U+00EF (decimal 239)
   defining Unicode char U+00F0 (decimal 240)
   defining Unicode char U+00F1 (decimal 241)
   defining Unicode char U+00F2 (decimal 242)
   defining Unicode char U+00F3 (decimal 243)
   defining Unicode char U+00F4 (decimal 244)
   defining Unicode char U+00F5 (decimal 245)
   defining Unicode char U+00F6 (decimal 246)
   defining Unicode char U+00F8 (decimal 248)
   defining Unicode char U+00F9 (decimal 249)
   defining Unicode char U+00FA (decimal 250)
   defining Unicode char U+00FB (decimal 251)
   defining Unicode char U+00FC (decimal 252)
   defining Unicode char U+00FD (decimal 253)
   defining Unicode char U+00FE (decimal 254)
   defining Unicode char U+00FF (decimal 255)
   defining Unicode char U+0100 (decimal 256)
   defining Unicode char U+0101 (decimal 257)
   defining Unicode char U+0102 (decimal 258)
   defining Unicode char U+0103 (decimal 259)
   defining Unicode char U+0104 (decimal 260)
   defining Unicode char U+0105 (decimal 261)
   defining Unicode char U+0106 (decimal 262)
   defining Unicode char U+0107 (decimal 263)
   defining Unicode char U+0108 (decimal 264)
   defining Unicode char U+0109 (decimal 265)
   defining Unicode char U+010A (decimal 266)
   defining Unicode char U+010B (decimal 267)
   defining Unicode char U+010C (decimal 268)
   defining Unicode char U+010D (decimal 269)
   defining Unicode char U+010E (decimal 270)
   defining Unicode char U+010F (decimal 271)
   defining Unicode char U+0110 (decimal 272)
   defining Unicode char U+0111 (decimal 273)
   defining Unicode char U+0112 (decimal 274)
   defining Unicode char U+0113 (decimal 275)
   defining Unicode char U+0114 (decimal 276)
   defining Unicode char U+0115 (decimal 277)
   defining Unicode char U+0116 (decimal 278)
   defining Unicode char U+0117 (decimal 279)
   defining Unicode char U+0118 (decimal 280)
   defining Unicode char U+0119 (decimal 281)
   defining Unicode char U+011A (decimal 282)
   defining Unicode char U+011B (decimal 283)
   defining Unicode char U+011C (decimal 284)
   defining Unicode char U+011D (decimal 285)
   defining Unicode char U+011E (decimal 286)
   defining Unicode char U+011F (decimal 287)
   defining Unicode char U+0120 (decimal 288)
   defining Unicode char U+0121 (decimal 289)
   defining Unicode char U+0122 (decimal 290)
   defining Unicode char U+0123 (decimal 291)
   defining Unicode char U+0124 (decimal 292)
   defining Unicode char U+0125 (decimal 293)
   defining Unicode char U+0128 (decimal 296)
   defining Unicode char U+0129 (decimal 297)
   defining Unicode char U+012A (decimal 298)
   defining Unicode char U+012B (decimal 299)
   defining Unicode char U+012C (decimal 300)
   defining Unicode char U+012D (decimal 301)
   defining Unicode char U+012E (decimal 302)
   defining Unicode char U+012F (decimal 303)
   defining Unicode char U+0130 (decimal 304)
   defining Unicode char U+0131 (decimal 305)
   defining Unicode char U+0132 (decimal 306)
   defining Unicode char U+0133 (decimal 307)
   defining Unicode char U+0134 (decimal 308)
   defining Unicode char U+0135 (decimal 309)
   defining Unicode char U+0136 (decimal 310)
   defining Unicode char U+0137 (decimal 311)
   defining Unicode char U+0139 (decimal 313)
   defining Unicode char U+013A (decimal 314)
   defining Unicode char U+013B (decimal 315)
   defining Unicode char U+013C (decimal 316)
   defining Unicode char U+013D (decimal 317)
   defining Unicode char U+013E (decimal 318)
   defining Unicode char U+0141 (decimal 321)
   defining Unicode char U+0142 (decimal 322)
   defining Unicode char U+0143 (decimal 323)
   defining Unicode char U+0144 (decimal 324)
   defining Unicode char U+0145 (decimal 325)
   defining Unicode char U+0146 (decimal 326)
   defining Unicode char U+0147 (decimal 327)
   defining Unicode char U+0148 (decimal 328)
   defining Unicode char U+014A (decimal 330)
   defining Unicode char U+014B (decimal 331)
   defining Unicode char U+014C (decimal 332)
   defining Unicode char U+014D (decimal 333)
   defining Unicode char U+014E (decimal 334)
   defining Unicode char U+014F (decimal 335)
   defining Unicode char U+0150 (decimal 336)
   defining Unicode char U+0151 (decimal 337)
   defining Unicode char U+0152 (decimal 338)
   defining Unicode char U+0153 (decimal 339)
   defining Unicode char U+0154 (decimal 340)
   defining Unicode char U+0155 (decimal 341)
   defining Unicode char U+0156 (decimal 342)
   defining Unicode char U+0157 (decimal 343)
   defining Unicode char U+0158 (decimal 344)
   defining Unicode char U+0159 (decimal 345)
   defining Unicode char U+015A (decimal 346)
   defining Unicode char U+015B (decimal 347)
   defining Unicode char U+015C (decimal 348)
   defining Unicode char U+015D (decimal 349)
   defining Unicode char U+015E (decimal 350)
   defining Unicode char U+015F (decimal 351)
   defining Unicode char U+0160 (decimal 352)
   defining Unicode char U+0161 (decimal 353)
   defining Unicode char U+0162 (decimal 354)
   defining Unicode char U+0163 (decimal 355)
   defining Unicode char U+0164 (decimal 356)
   defining Unicode char U+0165 (decimal 357)
   defining Unicode char U+0168 (decimal 360)
   defining Unicode char U+0169 (decimal 361)
   defining Unicode char U+016A (decimal 362)
   defining Unicode char U+016B (decimal 363)
   defining Unicode char U+016C (decimal 364)
   defining Unicode char U+016D (decimal 365)
   defining Unicode char U+016E (decimal 366)
   defining Unicode char U+016F (decimal 367)
   defining Unicode char U+0170 (decimal 368)
   defining Unicode char U+0171 (decimal 369)
   defining Unicode char U+0172 (decimal 370)
   defining Unicode char U+0173 (decimal 371)
   defining Unicode char U+0174 (decimal 372)
   defining Unicode char U+0175 (decimal 373)
   defining Unicode char U+0176 (decimal 374)
   defining Unicode char U+0177 (decimal 375)
   defining Unicode char U+0178 (decimal 376)
   defining Unicode char U+0179 (decimal 377)
   defining Unicode char U+017A (decimal 378)
   defining Unicode char U+017B (decimal 379)
   defining Unicode char U+017C (decimal 380)
   defining Unicode char U+017D (decimal 381)
   defining Unicode char U+017E (decimal 382)
   defining Unicode char U+01CD (decimal 461)
   defining Unicode char U+01CE (decimal 462)
   defining Unicode char U+01CF (decimal 463)
   defining Unicode char U+01D0 (decimal 464)
   defining Unicode char U+01D1 (decimal 465)
   defining Unicode char U+01D2 (decimal 466)
   defining Unicode char U+01D3 (decimal 467)
   defining Unicode char U+01D4 (decimal 468)
   defining Unicode char U+01E2 (decimal 482)
   defining Unicode char U+01E3 (decimal 483)
   defining Unicode char U+01E6 (decimal 486)
   defining Unicode char U+01E7 (decimal 487)
   defining Unicode char U+01E8 (decimal 488)
   defining Unicode char U+01E9 (decimal 489)
   defining Unicode char U+01EA (decimal 490)
   defining Unicode char U+01EB (decimal 491)
   defining Unicode char U+01F0 (decimal 496)
   defining Unicode char U+01F4 (decimal 500)
   defining Unicode char U+01F5 (decimal 501)
   defining Unicode char U+0218 (decimal 536)
   defining Unicode char U+0219 (decimal 537)
   defining Unicode char U+021A (decimal 538)
   defining Unicode char U+021B (decimal 539)
   defining Unicode char U+0232 (decimal 562)
   defining Unicode char U+0233 (decimal 563)
   defining Unicode char U+1E02 (decimal 7682)
   defining Unicode char U+1E03 (decimal 7683)
   defining Unicode char U+200C (decimal 8204)
   defining Unicode char U+2010 (decimal 8208)
   defining Unicode char U+2011 (decimal 8209)
   defining Unicode char U+2012 (decimal 8210)
   defining Unicode char U+2013 (decimal 8211)
   defining Unicode char U+2014 (decimal 8212)
   defining Unicode char U+2015 (decimal 8213)
   defining Unicode char U+2018 (decimal 8216)
   defining Unicode char U+2019 (decimal 8217)
   defining Unicode char U+201A (decimal 8218)
   defining Unicode char U+201C (decimal 8220)
   defining Unicode char U+201D (decimal 8221)
   defining Unicode char U+201E (decimal 8222)
   defining Unicode char U+2030 (decimal 8240)
   defining Unicode char U+2031 (decimal 8241)
   defining Unicode char U+2039 (decimal 8249)
   defining Unicode char U+203A (decimal 8250)
   defining Unicode char U+2423 (decimal 9251)
   defining Unicode char U+1E20 (decimal 7712)
   defining Unicode char U+1E21 (decimal 7713)
)
Now handling font encoding OT1 ...
... processing UTF-8 mapping file for font encoding OT1

("C:\Program Files (x86)\MiKTeX 2.9\tex\latex\base\ot1enc.dfu"
File: ot1enc.dfu 2017/01/28 v1.1t UTF-8 support for inputenc
   defining Unicode char U+00A0 (decimal 160)
   defining Unicode char U+00A1 (decimal 161)
   defining Unicode char U+00A3 (decimal 163)
   defining Unicode char U+00AD (decimal 173)
   defining Unicode char U+00B8 (decimal 184)
   defining Unicode char U+00BF (decimal 191)
   defining Unicode char U+00C5 (decimal 197)
   defining Unicode char U+00C6 (decimal 198)
   defining Unicode char U+00D8 (decimal 216)
   defining Unicode char U+00DF (decimal 223)
   defining Unicode char U+00E6 (decimal 230)
   defining Unicode char U+00EC (decimal 236)
   defining Unicode char U+00ED (decimal 237)
   defining Unicode char U+00EE (decimal 238)
   defining Unicode char U+00EF (decimal 239)
   defining Unicode char U+00F8 (decimal 248)
   defining Unicode char U+0131 (decimal 305)
   defining Unicode char U+0141 (decimal 321)
   defining Unicode char U+0142 (decimal 322)
   defining Unicode char U+0152 (decimal 338)
   defining Unicode char U+0153 (decimal 339)
   defining Unicode char U+0174 (decimal 372)
   defining Unicode char U+0175 (decimal 373)
   defining Unicode char U+0176 (decimal 374)
   defining Unicode char U+0177 (decimal 375)
   defining Unicode char U+0218 (decimal 536)
   defining Unicode char U+0219 (decimal 537)
   defining Unicode char U+021A (decimal 538)
   defining Unicode char U+021B (decimal 539)
   defining Unicode char U+2013 (decimal 8211)
   defining Unicode char U+2014 (decimal 8212)
   defining Unicode char U+2018 (decimal 8216)
   defining Unicode char U+2019 (decimal 8217)
   defining Unicode char U+201C (decimal 8220)
   defining Unicode char U+201D (decimal 8221)
)
Now handling font encoding OMS ...
... processing UTF-8 mapping file for font encoding OMS

("C:\Program Files (x86)\MiKTeX 2.9\tex\latex\base\omsenc.dfu"
File: omsenc.dfu 2017/01/28 v1.1t UTF-8 support for inputenc
   defining Unicode char U+00A7 (decimal 167)
   defining Unicode char U+00B6 (decimal 182)
   defining Unicode char U+00B7 (decimal 183)
   defining Unicode char U+2020 (decimal 8224)
   defining Unicode char U+2021 (decimal 8225)
   defining Unicode char U+2022 (decimal 8226)
)
Now handling font encoding OMX ...
... no UTF-8 mapping file for font encoding OMX
Now handling font encoding U ...
... no UTF-8 mapping file for font encoding U
   defining Unicode char U+00A9 (decimal 169)
   defining Unicode char U+00AA (decimal 170)
   defining Unicode char U+00AE (decimal 174)
   defining Unicode char U+00BA (decimal 186)
   defining Unicode char U+02C6 (decimal 710)
   defining Unicode char U+02DC (decimal 732)
   defining Unicode char U+200C (decimal 8204)
   defining Unicode char U+2026 (decimal 8230)
   defining Unicode char U+2122 (decimal 8482)
   defining Unicode char U+2423 (decimal 9251)
)))
("C:\Program Files (x86)\MiKTeX 2.9\tex\latex\geometry\geometry.sty"
Package: geometry 2010/09/12 v5.6 Page Geometry

("C:\Program Files (x86)\MiKTeX 2.9\tex\latex\graphics\keyval.sty"
Package: keyval 2014/10/28 v1.15 key=value parser (DPC)
\KV@toks@=\toks16
)
("C:\Program Files (x86)\MiKTeX 2.9\tex\generic\oberdiek\ifpdf.sty"
Package: ifpdf 2017/03/15 v3.2 Provides the ifpdf switch
)
("C:\Program Files (x86)\MiKTeX 2.9\tex\generic\oberdiek\ifvtex.sty"
Package: ifvtex 2016/05/16 v1.6 Detect VTeX and its facilities (HO)
Package ifvtex Info: VTeX not detected.
)
\Gm@cnth=\count87
\Gm@cntv=\count88
\c@Gm@tempcnt=\count89
\Gm@bindingoffset=\dimen103
\Gm@wd@mp=\dimen104
\Gm@odd@mp=\dimen105
\Gm@even@mp=\dimen106
\Gm@layoutwidth=\dimen107
\Gm@layoutheight=\dimen108
\Gm@layouthoffset=\dimen109
\Gm@layoutvoffset=\dimen110
\Gm@dimlist=\toks17

("C:\Program Files (x86)\MiKTeX 2.9\tex\latex\geometry\geometry.cfg"))
("C:\Program Files (x86)\MiKTeX 2.9\tex\latex\float\float.sty"
Package: float 2001/11/08 v1.3d Float enhancements (AL)
\c@float@type=\count90
\float@exts=\toks18
\float@box=\box26
\@float@everytoks=\toks19
\@floatcapt=\box27
)
("C:\Program Files (x86)\MiKTeX 2.9\tex\latex\base\textcomp.sty"
Package: textcomp 2017/04/05 v2.0i Standard LaTeX package
Package textcomp Info: Sub-encoding information:
(textcomp)               5 = only ISO-Adobe without \textcurrency
(textcomp)               4 = 5 + \texteuro
(textcomp)               3 = 4 + \textohm
(textcomp)               2 = 3 + \textestimated + \textcurrency
(textcomp)               1 = TS1 - \textcircled - \t
(textcomp)               0 = TS1 (full)
(textcomp)             Font families with sub-encoding setting implement
(textcomp)             only a restricted character set as indicated.
(textcomp)             Family '?' is the default used for unknown fonts.
(textcomp)             See the documentation for details.
Package textcomp Info: Setting ? sub-encoding to TS1/1 on input line 79.

("C:\Program Files (x86)\MiKTeX 2.9\tex\latex\base\ts1enc.def"
File: ts1enc.def 2001/06/05 v3.0e (jk/car/fm) Standard LaTeX file
Now handling font encoding TS1 ...
... processing UTF-8 mapping file for font encoding TS1

("C:\Program Files (x86)\MiKTeX 2.9\tex\latex\base\ts1enc.dfu"
File: ts1enc.dfu 2017/01/28 v1.1t UTF-8 support for inputenc
   defining Unicode char U+00A2 (decimal 162)
   defining Unicode char U+00A3 (decimal 163)
   defining Unicode char U+00A4 (decimal 164)
   defining Unicode char U+00A5 (decimal 165)
   defining Unicode char U+00A6 (decimal 166)
   defining Unicode char U+00A7 (decimal 167)
   defining Unicode char U+00A8 (decimal 168)
   defining Unicode char U+00A9 (decimal 169)
   defining Unicode char U+00AA (decimal 170)
   defining Unicode char U+00AC (decimal 172)
   defining Unicode char U+00AE (decimal 174)
   defining Unicode char U+00AF (decimal 175)
   defining Unicode char U+00B0 (decimal 176)
   defining Unicode char U+00B1 (decimal 177)
   defining Unicode char U+00B2 (decimal 178)
   defining Unicode char U+00B3 (decimal 179)
   defining Unicode char U+00B4 (decimal 180)
   defining Unicode char U+00B5 (decimal 181)
   defining Unicode char U+00B6 (decimal 182)
   defining Unicode char U+00B7 (decimal 183)
   defining Unicode char U+00B9 (decimal 185)
   defining Unicode char U+00BA (decimal 186)
   defining Unicode char U+00BC (decimal 188)
   defining Unicode char U+00BD (decimal 189)
   defining Unicode char U+00BE (decimal 190)
   defining Unicode char U+00D7 (decimal 215)
   defining Unicode char U+00F7 (decimal 247)
   defining Unicode char U+0192 (decimal 402)
   defining Unicode char U+02C7 (decimal 711)
   defining Unicode char U+02D8 (decimal 728)
   defining Unicode char U+02DD (decimal 733)
   defining Unicode char U+0E3F (decimal 3647)
   defining Unicode char U+2016 (decimal 8214)
   defining Unicode char U+2020 (decimal 8224)
   defining Unicode char U+2021 (decimal 8225)
   defining Unicode char U+2022 (decimal 8226)
   defining Unicode char U+2030 (decimal 8240)
   defining Unicode char U+2031 (decimal 8241)
   defining Unicode char U+203B (decimal 8251)
   defining Unicode char U+203D (decimal 8253)
   defining Unicode char U+2044 (decimal 8260)
   defining Unicode char U+204E (decimal 8270)
   defining Unicode char U+2052 (decimal 8274)
   defining Unicode char U+20A1 (decimal 8353)
   defining Unicode char U+20A4 (decimal 8356)
   defining Unicode char U+20A6 (decimal 8358)
   defining Unicode char U+20A9 (decimal 8361)
   defining Unicode char U+20AB (decimal 8363)
   defining Unicode char U+20AC (decimal 8364)
   defining Unicode char U+20B1 (decimal 8369)
   defining Unicode char U+2103 (decimal 8451)
   defining Unicode char U+2116 (decimal 8470)
   defining Unicode char U+2117 (decimal 8471)
   defining Unicode char U+211E (decimal 8478)
   defining Unicode char U+2120 (decimal 8480)
   defining Unicode char U+2122 (decimal 8482)
   defining Unicode char U+2126 (decimal 8486)
   defining Unicode char U+2127 (decimal 8487)
   defining Unicode char U+212E (decimal 8494)
   defining Unicode char U+2190 (decimal 8592)
   defining Unicode char U+2191 (decimal 8593)
   defining Unicode char U+2192 (decimal 8594)
   defining Unicode char U+2193 (decimal 8595)
   defining Unicode char U+2329 (decimal 9001)
   defining Unicode char U+232A (decimal 9002)
   defining Unicode char U+2422 (decimal 9250)
   defining Unicode char U+25E6 (decimal 9702)
   defining Unicode char U+25EF (decimal 9711)
   defining Unicode char U+266A (decimal 9834)
))
LaTeX Info: Redefining \oldstylenums on input line 334.
Package textcomp Info: Setting cmr sub-encoding to TS1/0 on input line 349.
Package textcomp Info: Setting cmss sub-encoding to TS1/0 on input line 350.
Package textcomp Info: Setting cmtt sub-encoding to TS1/0 on input line 351.
Package textcomp Info: Setting cmvtt sub-encoding to TS1/0 on input line 352.
Package textcomp Info: Setting cmbr sub-encoding to TS1/0 on input line 353.
Package textcomp Info: Setting cmtl sub-encoding to TS1/0 on input line 354.
Package textcomp Info: Setting ccr sub-encoding to TS1/0 on input line 355.
Package textcomp Info: Setting ptm sub-encoding to TS1/4 on input line 356.
Package textcomp Info: Setting pcr sub-encoding to TS1/4 on input line 357.
Package textcomp Info: Setting phv sub-encoding to TS1/4 on input line 358.
Package textcomp Info: Setting ppl sub-encoding to TS1/3 on input line 359.
Package textcomp Info: Setting pag sub-encoding to TS1/4 on input line 360.
Package textcomp Info: Setting pbk sub-encoding to TS1/4 on input line 361.
Package textcomp Info: Setting pnc sub-encoding to TS1/4 on input line 362.
Package textcomp Info: Setting pzc sub-encoding to TS1/4 on input line 363.
Package textcomp Info: Setting bch sub-encoding to TS1/4 on input line 364.
Package textcomp Info: Setting put sub-encoding to TS1/5 on input line 365.
Package textcomp Info: Setting uag sub-encoding to TS1/5 on input line 366.
Package textcomp Info: Setting ugq sub-encoding to TS1/5 on input line 367.
Package textcomp Info: Setting ul8 sub-encoding to TS1/4 on input line 368.
Package textcomp Info: Setting ul9 sub-encoding to TS1/4 on input line 369.
Package textcomp Info: Setting augie sub-encoding to TS1/5 on input line 370.
Package textcomp Info: Setting dayrom sub-encoding to TS1/3 on input line 371.
Package textcomp Info: Setting dayroms sub-encoding to TS1/3 on input line 372.

Package textcomp Info: Setting pxr sub-encoding to TS1/0 on input line 373.
Package textcomp Info: Setting pxss sub-encoding to TS1/0 on input line 374.
Package textcomp Info: Setting pxtt sub-encoding to TS1/0 on input line 375.
Package textcomp Info: Setting txr sub-encoding to TS1/0 on input line 376.
Package textcomp Info: Setting txss sub-encoding to TS1/0 on input line 377.
Package textcomp Info: Setting txtt sub-encoding to TS1/0 on input line 378.
Package textcomp Info: Setting lmr sub-encoding to TS1/0 on input line 379.
Package textcomp Info: Setting lmdh sub-encoding to TS1/0 on input line 380.
Package textcomp Info: Setting lmss sub-encoding to TS1/0 on input line 381.
Package textcomp Info: Setting lmssq sub-encoding to TS1/0 on input line 382.
Package textcomp Info: Setting lmvtt sub-encoding to TS1/0 on input line 383.
Package textcomp Info: Setting lmtt sub-encoding to TS1/0 on input line 384.
Package textcomp Info: Setting qhv sub-encoding to TS1/0 on input line 385.
Package textcomp Info: Setting qag sub-encoding to TS1/0 on input line 386.
Package textcomp Info: Setting qbk sub-encoding to TS1/0 on input line 387.
Package textcomp Info: Setting qcr sub-encoding to TS1/0 on input line 388.
Package textcomp Info: Setting qcs sub-encoding to TS1/0 on input line 389.
Package textcomp Info: Setting qpl sub-encoding to TS1/0 on input line 390.
Package textcomp Info: Setting qtm sub-encoding to TS1/0 on input line 391.
Package textcomp Info: Setting qzc sub-encoding to TS1/0 on input line 392.
Package textcomp Info: Setting qhvc sub-encoding to TS1/0 on input line 393.
Package textcomp Info: Setting futs sub-encoding to TS1/4 on input line 394.
Package textcomp Info: Setting futx sub-encoding to TS1/4 on input line 395.
Package textcomp Info: Setting futj sub-encoding to TS1/4 on input line 396.
Package textcomp Info: Setting hlh sub-encoding to TS1/3 on input line 397.
Package textcomp Info: Setting hls sub-encoding to TS1/3 on input line 398.
Package textcomp Info: Setting hlst sub-encoding to TS1/3 on input line 399.
Package textcomp Info: Setting hlct sub-encoding to TS1/5 on input line 400.
Package textcomp Info: Setting hlx sub-encoding to TS1/5 on input line 401.
Package textcomp Info: Setting hlce sub-encoding to TS1/5 on input line 402.
Package textcomp Info: Setting hlcn sub-encoding to TS1/5 on input line 403.
Package textcomp Info: Setting hlcw sub-encoding to TS1/5 on input line 404.
Package textcomp Info: Setting hlcf sub-encoding to TS1/5 on input line 405.
Package textcomp Info: Setting pplx sub-encoding to TS1/3 on input line 406.
Package textcomp Info: Setting pplj sub-encoding to TS1/3 on input line 407.
Package textcomp Info: Setting ptmx sub-encoding to TS1/4 on input line 408.
Package textcomp Info: Setting ptmj sub-encoding to TS1/4 on input line 409.
)
("C:\Program Files (x86)\MiKTeX 2.9\tex\latex\amsmath\amstext.sty"
Package: amstext 2000/06/29 v2.01 AMS text

("C:\Program Files (x86)\MiKTeX 2.9\tex\latex\amsmath\amsgen.sty"
File: amsgen.sty 1999/11/30 v2.0 generic functions
\@emptytoks=\toks20
\ex@=\dimen111
))
("C:\Program Files (x86)\MiKTeX 2.9\tex\latex\graphics\graphicx.sty"
Package: graphicx 2017/06/01 v1.1a Enhanced LaTeX Graphics (DPC,SPQR)

("C:\Program Files (x86)\MiKTeX 2.9\tex\latex\graphics\graphics.sty"
Package: graphics 2017/06/25 v1.2c Standard LaTeX Graphics (DPC,SPQR)

("C:\Program Files (x86)\MiKTeX 2.9\tex\latex\graphics\trig.sty"
Package: trig 2016/01/03 v1.10 sin cos tan (DPC)
)
("C:\Program Files (x86)\MiKTeX 2.9\tex\latex\graphics-cfg\graphics.cfg"
File: graphics.cfg 2016/06/04 v1.11 sample graphics configuration
)
Package graphics Info: Driver file: pdftex.def on input line 99.

("C:\Program Files (x86)\MiKTeX 2.9\tex\latex\graphics-def\pdftex.def"
File: pdftex.def 2017/06/24 v1.0g Graphics/color driver for pdftex
))
\Gin@req@height=\dimen112
\Gin@req@width=\dimen113
)
("C:\Program Files (x86)\MiKTeX 2.9\tex\latex\xpatch\xpatch.sty"
("C:\Program Files (x86)\MiKTeX 2.9\tex\latex\l3kernel\expl3.sty"
Package: expl3 2018/03/05 L3 programming layer (loader) 

("C:\Program Files (x86)\MiKTeX 2.9\tex\latex\l3kernel\expl3-code.tex"
Package: expl3 2018/03/05 L3 programming layer (code)
\c_max_int=\count91
\l_tmpa_int=\count92
\l_tmpb_int=\count93
\g_tmpa_int=\count94
\g_tmpb_int=\count95
\g__intarray_font_int=\count96
\g__prg_map_int=\count97
\c_log_iow=\count98
\l_iow_line_count_int=\count99
\l__iow_line_target_int=\count100
\l__iow_one_indent_int=\count101
\l__iow_indent_int=\count102
\c_zero_dim=\dimen114
\c_max_dim=\dimen115
\l_tmpa_dim=\dimen116
\l_tmpb_dim=\dimen117
\g_tmpa_dim=\dimen118
\g_tmpb_dim=\dimen119
\c_zero_skip=\skip43
\c_max_skip=\skip44
\l_tmpa_skip=\skip45
\l_tmpb_skip=\skip46
\g_tmpa_skip=\skip47
\g_tmpb_skip=\skip48
\c_zero_muskip=\muskip10
\c_max_muskip=\muskip11
\l_tmpa_muskip=\muskip12
\l_tmpb_muskip=\muskip13
\g_tmpa_muskip=\muskip14
\g_tmpb_muskip=\muskip15
\l_keys_choice_int=\count103
\c__fp_leading_shift_int=\count104
\c__fp_middle_shift_int=\count105
\c__fp_trailing_shift_int=\count106
\c__fp_big_leading_shift_int=\count107
\c__fp_big_middle_shift_int=\count108
\c__fp_big_trailing_shift_int=\count109
\c__fp_Bigg_leading_shift_int=\count110
\c__fp_Bigg_middle_shift_int=\count111
\c__fp_Bigg_trailing_shift_int=\count112
\c__fp_rand_size_int=\count113
\c__fp_rand_four_int=\count114
\c__fp_rand_eight_int=\count115
\l__sort_length_int=\count116
\l__sort_min_int=\count117
\l__sort_top_int=\count118
\l__sort_max_int=\count119
\l__sort_true_max_int=\count120
\l__sort_block_int=\count121
\l__sort_begin_int=\count122
\l__sort_end_int=\count123
\l__sort_A_int=\count124
\l__sort_B_int=\count125
\l__sort_C_int=\count126
\l__tl_build_start_index_int=\count127
\l__tl_build_index_int=\count128
\l__tl_analysis_normal_int=\count129
\l__tl_analysis_index_int=\count130
\l__tl_analysis_nesting_int=\count131
\l__tl_analysis_type_int=\count132
\l__regex_internal_a_int=\count133
\l__regex_internal_b_int=\count134
\l__regex_internal_c_int=\count135
\l__regex_balance_int=\count136
\l__regex_group_level_int=\count137
\l__regex_mode_int=\count138
\c__regex_cs_in_class_mode_int=\count139
\c__regex_cs_mode_int=\count140
\l__regex_catcodes_int=\count141
\l__regex_default_catcodes_int=\count142
\c__regex_catcode_D_int=\count143
\c__regex_catcode_S_int=\count144
\c__regex_catcode_L_int=\count145
\c__regex_catcode_O_int=\count146
\c__regex_catcode_A_int=\count147
\c__regex_all_catcodes_int=\count148
\l__regex_show_lines_int=\count149
\l__regex_min_state_int=\count150
\l__regex_max_state_int=\count151
\l__regex_left_state_int=\count152
\l__regex_right_state_int=\count153
\l__regex_capturing_group_int=\count154
\l__regex_min_pos_int=\count155
\l__regex_max_pos_int=\count156
\l__regex_curr_pos_int=\count157
\l__regex_start_pos_int=\count158
\l__regex_success_pos_int=\count159
\l__regex_curr_char_int=\count160
\l__regex_curr_catcode_int=\count161
\l__regex_last_char_int=\count162
\l__regex_case_changed_char_int=\count163
\l__regex_curr_state_int=\count164
\l__regex_step_int=\count165
\l__regex_min_active_int=\count166
\l__regex_max_active_int=\count167
\l__regex_replacement_csnames_int=\count168
\l__regex_match_count_int=\count169
\l__regex_min_submatch_int=\count170
\l__regex_submatch_int=\count171
\l__regex_zeroth_submatch_int=\count172
\g__regex_trace_regex_int=\count173
\c_empty_box=\box28
\l_tmpa_box=\box29
\l_tmpb_box=\box30
\g_tmpa_box=\box31
\g_tmpb_box=\box32
\l__box_top_dim=\dimen120
\l__box_bottom_dim=\dimen121
\l__box_left_dim=\dimen122
\l__box_right_dim=\dimen123
\l__box_top_new_dim=\dimen124
\l__box_bottom_new_dim=\dimen125
\l__box_left_new_dim=\dimen126
\l__box_right_new_dim=\dimen127
\l__box_internal_box=\box33
\l__coffin_internal_box=\box34
\l__coffin_internal_dim=\dimen128
\l__coffin_offset_x_dim=\dimen129
\l__coffin_offset_y_dim=\dimen130
\l__coffin_x_dim=\dimen131
\l__coffin_y_dim=\dimen132
\l__coffin_x_prime_dim=\dimen133
\l__coffin_y_prime_dim=\dimen134
\c_empty_coffin=\box35
\l__coffin_aligned_coffin=\box36
\l__coffin_aligned_internal_coffin=\box37
\l_tmpa_coffin=\box38
\l_tmpb_coffin=\box39
\l__coffin_display_coffin=\box40
\l__coffin_display_coord_coffin=\box41
\l__coffin_display_pole_coffin=\box42
\l__coffin_display_offset_dim=\dimen135
\l__coffin_display_x_dim=\dimen136
\l__coffin_display_y_dim=\dimen137
\l__coffin_bounding_shift_dim=\dimen138
\l__coffin_left_corner_dim=\dimen139
\l__coffin_right_corner_dim=\dimen140
\l__coffin_bottom_corner_dim=\dimen141
\l__coffin_top_corner_dim=\dimen142
\l__coffin_scaled_total_height_dim=\dimen143
\l__coffin_scaled_width_dim=\dimen144
)
("C:\Program Files (x86)\MiKTeX 2.9\tex\latex\l3kernel\l3pdfmode.def"
File: l3pdfmode.def 2017/03/18 v L3 Experimental driver: PDF mode
\l__driver_color_stack_int=\count174
))
Package: xpatch 2012/10/02 v0.3 Extending etoolbox patching commands

("C:\Program Files (x86)\MiKTeX 2.9\tex\latex\l3packages\xparse\xparse.sty"
Package: xparse 2018/02/21 L3 Experimental document command parser
\l__xparse_current_arg_int=\count175
\g__xparse_grabber_int=\count176
\l__xparse_m_args_int=\count177
\l__xparse_mandatory_args_int=\count178
\l__xparse_v_nesting_int=\count179
)
("C:\Program Files (x86)\MiKTeX 2.9\tex\latex\etoolbox\etoolbox.sty"
Package: etoolbox 2018/02/11 v2.5e e-TeX tools for LaTeX (JAW)
\etb@tempcnta=\count180
)
.................................................
. LaTeX info: "xparse/define-command"
. 
. Defining command \xpatchcmd with sig. '' on line 125.
.................................................
.................................................
. LaTeX info: "xparse/define-command"
. 
. Defining command \xpretocmd with sig. '' on line 126.
.................................................
.................................................
. LaTeX info: "xparse/define-command"
. 
. Defining command \xapptocmd with sig. '' on line 127.
.................................................
.................................................
. LaTeX info: "xparse/define-command"
. 
. Defining command \xshowcmd with sig. '' on line 128.
.................................................
.................................................
. LaTeX info: "xparse/define-command"
. 
. Defining command \xpatchbibmacro with sig. 'm' on line 131.
.................................................
.................................................
. LaTeX info: "xparse/define-command"
. 
. Defining command \xpretobibmacro with sig. 'm' on line 133.
.................................................
.................................................
. LaTeX info: "xparse/define-command"
. 
. Defining command \xapptobibmacro with sig. 'm' on line 135.
.................................................
.................................................
. LaTeX info: "xparse/define-command"
. 
. Defining command \xshowbibmacro with sig. 'm' on line 137.
.................................................
.................................................
. LaTeX info: "xparse/define-command"
. 
. Defining command \xpatchfieldformat with sig. 'O{*}m' on line 139.
.................................................
.................................................
. LaTeX info: "xparse/define-command"
. 
. Defining command \xpretofieldformat with sig. 'O{*}m' on line 141.
.................................................
.................................................
. LaTeX info: "xparse/define-command"
. 
. Defining command \xapptofieldformat with sig. 'O{*}m' on line 143.
.................................................
.................................................
. LaTeX info: "xparse/define-command"
. 
. Defining command \xshowfieldformat with sig. 'O{*}m' on line 145.
.................................................
.................................................
. LaTeX info: "xparse/define-command"
. 
. Defining command \xpatchnameformat with sig. 'O{*}m' on line 147.
.................................................
.................................................
. LaTeX info: "xparse/define-command"
. 
. Defining command \xpretonameformat with sig. 'O{*}m' on line 149.
.................................................
.................................................
. LaTeX info: "xparse/define-command"
. 
. Defining command \xapptonameformat with sig. 'O{*}m' on line 151.
.................................................
.................................................
. LaTeX info: "xparse/define-command"
. 
. Defining command \xshownameformat with sig. 'O{*}m' on line 153.
.................................................
.................................................
. LaTeX info: "xparse/define-command"
. 
. Defining command \xpatchlistformat with sig. 'O{*}m' on line 155.
.................................................
.................................................
. LaTeX info: "xparse/define-command"
. 
. Defining command \xpretolistformat with sig. 'O{*}m' on line 157.
.................................................
.................................................
. LaTeX info: "xparse/define-command"
. 
. Defining command \xapptolistformat with sig. 'O{*}m' on line 159.
.................................................
.................................................
. LaTeX info: "xparse/define-command"
. 
. Defining command \xshowlistformat with sig. 'O{*}m' on line 161.
.................................................
.................................................
. LaTeX info: "xparse/define-command"
. 
. Defining command \xpatchindexfieldformat with sig. 'O{*}m' on line 163.
.................................................
.................................................
. LaTeX info: "xparse/define-command"
. 
. Defining command \xpretoindexfieldformat with sig. 'O{*}m' on line 165.
.................................................
.................................................
. LaTeX info: "xparse/define-command"
. 
. Defining command \xapptoindexfieldformat with sig. 'O{*}m' on line 167.
.................................................
.................................................
. LaTeX info: "xparse/define-command"
. 
. Defining command \xshowindexfieldformat with sig. 'O{*}m' on line 169.
.................................................
.................................................
. LaTeX info: "xparse/define-command"
. 
. Defining command \xpatchindexnameformat with sig. 'O{*}m' on line 171.
.................................................
.................................................
. LaTeX info: "xparse/define-command"
. 
. Defining command \xpretoindexnameformat with sig. 'O{*}m' on line 173.
.................................................
.................................................
. LaTeX info: "xparse/define-command"
. 
. Defining command \xapptoindexnameformat with sig. 'O{*}m' on line 175.
.................................................
.................................................
. LaTeX info: "xparse/define-command"
. 
. Defining command \xshowindexnameformat with sig. 'O{*}m' on line 177.
.................................................
.................................................
. LaTeX info: "xparse/define-command"
. 
. Defining command \xpatchindexlistformat with sig. 'O{*}m' on line 179.
.................................................
.................................................
. LaTeX info: "xparse/define-command"
. 
. Defining command \xpretoindexlistformat with sig. 'O{*}m' on line 181.
.................................................
.................................................
. LaTeX info: "xparse/define-command"
. 
. Defining command \xappindextolistformat with sig. 'O{*}m' on line 183.
.................................................
.................................................
. LaTeX info: "xparse/define-command"
. 
. Defining command \xshowindexlistformat with sig. 'O{*}m' on line 185.
.................................................
.................................................
. LaTeX info: "xparse/define-command"
. 
. Defining command \xpatchbibdriver with sig. 'm' on line 187.
.................................................
.................................................
. LaTeX info: "xparse/define-command"
. 
. Defining command \xpretobibdriver with sig. 'm' on line 189.
.................................................
.................................................
. LaTeX info: "xparse/define-command"
. 
. Defining command \xapptobibdriver with sig. 'm' on line 191.
.................................................
.................................................
. LaTeX info: "xparse/define-command"
. 
. Defining command \xshowbibdriver with sig. 'm' on line 193.
.................................................
)
("C:\Program Files (x86)\MiKTeX 2.9\tex\generic\babel\babel.sty"
Package: babel 2017/11/03 3.15 The Babel package

("C:\Program Files (x86)\MiKTeX 2.9\tex\generic\babel\switch.def"
File: switch.def 2017/11/03 3.15 Babel switching mechanism
)
*************************************
* Local config file bblopts.cfg used
*
("C:\Program Files (x86)\MiKTeX 2.9\tex\latex\arabi\bblopts.cfg"
File: bblopts.cfg 2005/09/08 v0.1 add Arabic and Farsi to "declared" options of
 babel
)
("C:\Program Files (x86)\MiKTeX 2.9\tex\latex\babel-spanish\spanish.ldf"
Language: spanish.ldf 2016/03/03 v5.0p Spanish support from the babel system

("C:\Program Files (x86)\MiKTeX 2.9\tex\generic\babel\babel.def"
File: babel.def 2017/11/03 3.15 Babel common definitions

("C:\Program Files (x86)\MiKTeX 2.9\tex\generic\babel\switch.def"
File: switch.def 2017/11/03 3.15 Babel switching mechanism
)
\babel@savecnt=\count181
\U@D=\dimen145
)
\es@quottoks=\toks21
\es@quotdepth=\count182
Package babel Info: Making " an active character on input line 561.
Package babel Info: Making . an active character on input line 662.
Package babel Info: Making < an active character on input line 707.
Package babel Info: Making > an active character on input line 707.
)))
("Informe TP02 - Grupo 4.aux"
LaTeX Info: Redefining \. on input line 6.
LaTeX Info: Redefining \% on input line 6.
)
\openout1 = `"Informe TP02 - Grupo 4.aux"'.

LaTeX Font Info:    Checking defaults for OML/cmm/m/it on input line 3.
LaTeX Font Info:    ... okay on input line 3.
LaTeX Font Info:    Checking defaults for T1/cmr/m/n on input line 3.
LaTeX Font Info:    ... okay on input line 3.
LaTeX Font Info:    Checking defaults for OT1/cmr/m/n on input line 3.
LaTeX Font Info:    ... okay on input line 3.
LaTeX Font Info:    Checking defaults for OMS/cmsy/m/n on input line 3.
LaTeX Font Info:    ... okay on input line 3.
LaTeX Font Info:    Checking defaults for OMX/cmex/m/n on input line 3.
LaTeX Font Info:    ... okay on input line 3.
LaTeX Font Info:    Checking defaults for U/cmr/m/n on input line 3.
LaTeX Font Info:    ... okay on input line 3.
LaTeX Font Info:    Checking defaults for TS1/cmr/m/n on input line 3.
LaTeX Font Info:    Try loading font information for TS1+cmr on input line 3.

("C:\Program Files (x86)\MiKTeX 2.9\tex\latex\base\ts1cmr.fd"
File: ts1cmr.fd 2014/09/29 v2.5h Standard LaTeX font definitions
)
LaTeX Font Info:    ... okay on input line 3.

*geometry* driver: auto-detecting
*geometry* detected driver: pdftex

Package geometry Warning: The marginal notes overrun the paper.
     Add 19.0945pt and more to the right margin.

*geometry* verbose mode - [ preamble ] result:
* driver: pdftex
* paper: <default>
* layout: <same size as paper>
* layoutoffset:(h,v)=(0.0pt,0.0pt)
* modes: 
* h-part:(L,W,R)=(56.9055pt, 500.484pt, 56.9055pt)
* v-part:(T,H,B)=(56.9055pt, 681.15898pt, 56.9055pt)
* \paperwidth=614.295pt
* \paperheight=794.96999pt
* \textwidth=500.484pt
* \textheight=681.15898pt
* \oddsidemargin=-15.36449pt
* \evensidemargin=-15.36449pt
* \topmargin=-129.17549pt
* \headheight=56.9055pt
* \headsep=56.9055pt
* \topskip=10.0pt
* \footskip=30.0pt
* \marginparwidth=65.0pt
* \marginparsep=11.0pt
* \columnsep=10.0pt
* \skip\footins=9.0pt plus 4.0pt minus 2.0pt
* \hoffset=0.0pt
* \voffset=0.0pt
* \mag=1000
* \@twocolumnfalse
* \@twosidefalse
* \@mparswitchfalse
* \@reversemarginfalse
* (1in=72.27pt=25.4mm, 1cm=28.453pt)

("C:\Program Files (x86)\MiKTeX 2.9\tex\context\base\supp-pdf.mkii"
[Loading MPS to PDF converter (version 2006.09.02).]
\scratchcounter=\count183
\scratchdimen=\dimen146
\scratchbox=\box43
\nofMPsegments=\count184
\nofMParguments=\count185
\everyMPshowfont=\toks22
\MPscratchCnt=\count186
\MPscratchDim=\dimen147
\MPnumerator=\count187
\makeMPintoPDFobject=\count188
\everyMPtoPDFconversion=\toks23
) ("C:\Program Files (x86)\MiKTeX 2.9\tex\latex\oberdiek\epstopdf-base.sty"
Package: epstopdf-base 2016/05/15 v2.6 Base part for package epstopdf

("C:\Program Files (x86)\MiKTeX 2.9\tex\generic\oberdiek\infwarerr.sty"
Package: infwarerr 2016/05/16 v1.4 Providing info/warning/error messages (HO)
)
("C:\Program Files (x86)\MiKTeX 2.9\tex\latex\oberdiek\grfext.sty"
Package: grfext 2016/05/16 v1.2 Manage graphics extensions (HO)

("C:\Program Files (x86)\MiKTeX 2.9\tex\generic\oberdiek\kvdefinekeys.sty"
Package: kvdefinekeys 2016/05/16 v1.4 Define keys (HO)

("C:\Program Files (x86)\MiKTeX 2.9\tex\generic\oberdiek\ltxcmds.sty"
Package: ltxcmds 2016/05/16 v1.23 LaTeX kernel commands for general use (HO)
)))
("C:\Program Files (x86)\MiKTeX 2.9\tex\latex\oberdiek\kvoptions.sty"
Package: kvoptions 2016/05/16 v3.12 Key value format for package options (HO)

("C:\Program Files (x86)\MiKTeX 2.9\tex\generic\oberdiek\kvsetkeys.sty"
Package: kvsetkeys 2016/05/16 v1.17 Key value parser (HO)

("C:\Program Files (x86)\MiKTeX 2.9\tex\generic\oberdiek\etexcmds.sty"
Package: etexcmds 2016/05/16 v1.6 Avoid name clashes with e-TeX commands (HO)
Package etexcmds Info: Could not find \expanded.
(etexcmds)             That can mean that you are not using pdfTeX 1.50 or
(etexcmds)             that some package has redefined \expanded.
(etexcmds)             In the latter case, load this package earlier.
)))
("C:\Program Files (x86)\MiKTeX 2.9\tex\generic\oberdiek\pdftexcmds.sty"
Package: pdftexcmds 2017/03/19 v0.25 Utility functions of pdfTeX for LuaTeX (HO
)
Package pdftexcmds Info: LuaTeX not detected.
Package pdftexcmds Info: \pdf@primitive is available.
Package pdftexcmds Info: \pdf@ifprimitive is available.
Package pdftexcmds Info: \pdfdraftmode found.
)
Package epstopdf-base Info: Redefining graphics rule for `.eps' on input line 4
38.
Package grfext Info: Graphics extension search list:
(grfext)             [.pdf,.png,.jpg,.mps,.jpeg,.jbig2,.jb2,.PDF,.PNG,.JPG,.JPE
G,.JBIG2,.JB2,.eps]
(grfext)             \AppendGraphicsExtensions on input line 456.
)
LaTeX Info: Redefining \. on input line 3.
LaTeX Info: Redefining \% on input line 3.

(Caratula.tex
<resources/itba.png, id=1, 813.0375pt x 508.14844pt>
File: resources/itba.png Graphic file (type png)
<use resources/itba.png>
Package pdftex.def Info: resources/itba.png  used on input line 34. on input li
ne 34.
Package pdftex.def Info: Requested size: 121.95036pt x 76.21896pt on input line
 34.
LaTeX Font Info:    External font `cmex10' loaded for size
(Font)              <7> on input line 66.
LaTeX Font Info:    External font `cmex10' loaded for size
(Font)              <5> on input line 66.
 [1

{C:/Users/Ian Diaz/AppData/Local/MiKTeX/2.9/pdftex/config/pdftex.map} <./resour
ces/itba.png>]) ("Informe TP02 - Grupo 4.toc"
LaTeX Info: Redefining \. on input line 1.
LaTeX Info: Redefining \% on input line 1.
)
\tf@toc=\write3
\openout3 = `"Informe TP02 - Grupo 4.toc"'.

 [1]
(../Ex1/iA/Ex1a.tex
<../Ex1/iA/Resources1a/Circuito1a.png, id=24, 335.00156pt x 139.27031pt>
File: ../Ex1/iA/Resources1a/Circuito1a.png Graphic file (type png)
<use ../Ex1/iA/Resources1a/Circuito1a.png>
Package pdftex.def Info: ../Ex1/iA/Resources1a/Circuito1a.png  used on input li
ne 17. on input line 17.
Package pdftex.def Info: Requested size: 251.25055pt x 104.45247pt on input lin
e 17.


pdfTeX warning: pdflatex (file ../Ex1/iA/Resources1a/Schematic.pdf): PDF inclus
ion: found PDF version <1.7>, but at most version <1.5> allowed
<../Ex1/iA/Resources1a/Schematic.pdf, id=25, pagebox=cropbox, 845.04686pt x 597
.50786pt>
File: ../Ex1/iA/Resources1a/Schematic.pdf Graphic file (type pdf)
<use ../Ex1/iA/Resources1a/Schematic.pdf>
Package pdftex.def Info: ../Ex1/iA/Resources1a/Schematic.pdf  used on input lin
e 49. on input line 49.
Package pdftex.def Info: Requested size: 422.5224pt x 298.75319pt on input line
 49.
[2 <../Ex1/iA/Resources1a/Circuito1a.png>]

pdfTeX warning: pdflatex (file ../Ex1/iA/Resources1a/PCB.pdf): PDF inclusion: f
ound PDF version <1.7>, but at most version <1.5> allowed
<../Ex1/iA/Resources1a/PCB.pdf, id=32, pagebox=cropbox, 845.04686pt x 597.50786
pt>
File: ../Ex1/iA/Resources1a/PCB.pdf Graphic file (type pdf)
<use ../Ex1/iA/Resources1a/PCB.pdf>
Package pdftex.def Info: ../Ex1/iA/Resources1a/PCB.pdf  used on input line 58. 
on input line 58.
Package pdftex.def Info: Requested size: 253.516pt x 179.25374pt on input line 
58.
[3 <../Ex1/iA/Resources1a/Schematic.pdf> <../Ex1/iA/Resources1a/PCB.pdf>]
<../Ex1/iA/Resources1a/H1.png, id=51, 560.0925pt x 425.6703pt>
File: ../Ex1/iA/Resources1a/H1.png Graphic file (type png)
<use ../Ex1/iA/Resources1a/H1.png>
Package pdftex.def Info: ../Ex1/iA/Resources1a/H1.png  used on input line 115. 
on input line 115.
Package pdftex.def Info: Requested size: 280.04556pt x 212.83463pt on input lin
e 115.
<../Ex1/iA/Resources1a/montecarlo1a_1.png, id=52, 544.28343pt x 421.575pt>
File: ../Ex1/iA/Resources1a/montecarlo1a_1.png Graphic file (type png)
<use ../Ex1/iA/Resources1a/montecarlo1a_1.png>
Package pdftex.def Info: ../Ex1/iA/Resources1a/montecarlo1a_1.png  used on inpu
t line 123. on input line 123.
Package pdftex.def Info: Requested size: 272.14105pt x 210.78697pt on input lin
e 123.

[4 <../Ex1/iA/Resources1a/H1.png>]
<../Ex1/iA/Resources1a/H2.png, id=60, 560.0925pt x 425.6703pt>
File: ../Ex1/iA/Resources1a/H2.png Graphic file (type png)
<use ../Ex1/iA/Resources1a/H2.png>
Package pdftex.def Info: ../Ex1/iA/Resources1a/H2.png  used on input line 131. 
on input line 131.
Package pdftex.def Info: Requested size: 280.04556pt x 212.83463pt on input lin
e 131.
<../Ex1/iA/Resources1a/montecarlo1a_2.png, id=61, 542.77782pt x 423.08063pt>
File: ../Ex1/iA/Resources1a/montecarlo1a_2.png Graphic file (type png)
<use ../Ex1/iA/Resources1a/montecarlo1a_2.png>
Package pdftex.def Info: ../Ex1/iA/Resources1a/montecarlo1a_2.png  used on inpu
t line 139. on input line 139.
Package pdftex.def Info: Requested size: 271.38824pt x 211.5398pt on input line
 139.
 [5 <../Ex1/iA/Resources1a/montecarlo1a_1.png> <../Ex1/iA/Resources1a/H2.png>]
<../Ex1/iA/Resources1a/H3.png, id=66, 560.0925pt x 426.393pt>
File: ../Ex1/iA/Resources1a/H3.png Graphic file (type png)
<use ../Ex1/iA/Resources1a/H3.png>
Package pdftex.def Info: ../Ex1/iA/Resources1a/H3.png  used on input line 147. 
on input line 147.
Package pdftex.def Info: Requested size: 280.04556pt x 213.19597pt on input lin
e 147.
<../Ex1/iA/Resources1a/montecarlo1a_3.png, id=67, 546.54187pt x 416.30531pt>
File: ../Ex1/iA/Resources1a/montecarlo1a_3.png Graphic file (type png)
<use ../Ex1/iA/Resources1a/montecarlo1a_3.png>
Package pdftex.def Info: ../Ex1/iA/Resources1a/montecarlo1a_3.png  used on inpu
t line 156. on input line 156.
Package pdftex.def Info: Requested size: 273.27026pt x 208.15215pt on input lin
e 156.
 [6 <../Ex1/iA/Resources1a/montecarlo1a_2.png> <../Ex1/iA/Resources1a/H3.png>]
<../Ex1/iA/Resources1a/H3_para.png, id=73, 555.57562pt x 423.08063pt>
File: ../Ex1/iA/Resources1a/H3_para.png Graphic file (type png)
<use ../Ex1/iA/Resources1a/H3_para.png>
Package pdftex.def Info: ../Ex1/iA/Resources1a/H3_para.png  used on input line 
177. on input line 177.
Package pdftex.def Info: Requested size: 277.78712pt x 211.5398pt on input line
 177.
 [7 <../Ex1/iA/Resources1a/montecarlo1a_3.png> <../Ex1/iA/Resources1a/H3_para.p
ng>]
<../Ex1/iA/Resources1a/zinpm.png, id=77, 462.528pt x 346.896pt>
File: ../Ex1/iA/Resources1a/zinpm.png Graphic file (type png)
<use ../Ex1/iA/Resources1a/zinpm.png>
Package pdftex.def Info: ../Ex1/iA/Resources1a/zinpm.png  used on input line 23
0. on input line 230.
Package pdftex.def Info: Requested size: 231.26343pt x 173.44757pt on input lin
e 230.
<../Ex1/iA/Resources1a/zinpp.png, id=78, 462.528pt x 346.896pt>
File: ../Ex1/iA/Resources1a/zinpp.png Graphic file (type png)
<use ../Ex1/iA/Resources1a/zinpp.png>
Package pdftex.def Info: ../Ex1/iA/Resources1a/zinpp.png  used on input line 23
3. on input line 233.
Package pdftex.def Info: Requested size: 231.26343pt x 173.44757pt on input lin
e 233.
<../Ex1/iA/Resources1a/zinpm1.png, id=79, 462.528pt x 346.896pt>
File: ../Ex1/iA/Resources1a/zinpm1.png Graphic file (type png)
<use ../Ex1/iA/Resources1a/zinpm1.png>
Package pdftex.def Info: ../Ex1/iA/Resources1a/zinpm1.png  used on input line 2
42. on input line 242.
Package pdftex.def Info: Requested size: 231.26343pt x 173.44757pt on input lin
e 242.
<../Ex1/iA/Resources1a/zinpm1_sim.png, id=80, 529.22719pt x 399.74344pt>
File: ../Ex1/iA/Resources1a/zinpm1_sim.png Graphic file (type png)
<use ../Ex1/iA/Resources1a/zinpm1_sim.png>
Package pdftex.def Info: ../Ex1/iA/Resources1a/zinpm1_sim.png  used on input li
ne 242. on input line 242.
Package pdftex.def Info: Requested size: 211.68712pt x 159.89453pt on input lin
e 242.
 [8 <../Ex1/iA/Resources1a/zinpm.png> <../Ex1/iA/Resources1a/zinpp.png>]
<../Ex1/iA/Resources1a/zinpm1_med.png, id=87, 602.25pt x 372.39125pt>
File: ../Ex1/iA/Resources1a/zinpm1_med.png Graphic file (type png)
<use ../Ex1/iA/Resources1a/zinpm1_med.png>
Package pdftex.def Info: ../Ex1/iA/Resources1a/zinpm1_med.png  used on input li
ne 250. on input line 250.
Package pdftex.def Info: Requested size: 301.12425pt x 186.19516pt on input lin
e 250.
<../Ex1/iA/Resources1a/zinpp1.png, id=88, 462.528pt x 346.896pt>
File: ../Ex1/iA/Resources1a/zinpp1.png Graphic file (type png)
<use ../Ex1/iA/Resources1a/zinpp1.png>
Package pdftex.def Info: ../Ex1/iA/Resources1a/zinpp1.png  used on input line 2
58. on input line 258.
Package pdftex.def Info: Requested size: 231.26343pt x 173.44757pt on input lin
e 258.
<../Ex1/iA/Resources1a/zinpp1_sim.png, id=89, 529.22719pt x 399.74344pt>
File: ../Ex1/iA/Resources1a/zinpp1_sim.png Graphic file (type png)
<use ../Ex1/iA/Resources1a/zinpp1_sim.png>
Package pdftex.def Info: ../Ex1/iA/Resources1a/zinpp1_sim.png  used on input li
ne 258. on input line 258.
Package pdftex.def Info: Requested size: 211.68712pt x 159.89453pt on input lin
e 258.
<../Ex1/iA/Resources1a/zinpp1_med.png, id=90, 602.25pt x 372.39125pt>
File: ../Ex1/iA/Resources1a/zinpp1_med.png Graphic file (type png)
<use ../Ex1/iA/Resources1a/zinpp1_med.png>
Package pdftex.def Info: ../Ex1/iA/Resources1a/zinpp1_med.png  used on input li
ne 267. on input line 267.
Package pdftex.def Info: Requested size: 301.12425pt x 186.19516pt on input lin
e 267.
 [9 <../Ex1/iA/Resources1a/zinpm1.png> <../Ex1/iA/Resources1a/zinpm1_sim.png> <
../Ex1/iA/Resources1a/zinpm1_med.png> <../Ex1/iA/Resources1a/zinpp1.png> <../Ex
1/iA/Resources1a/zinpp1_sim.png>]
<../Ex1/iA/Resources1a/zinpm2.png, id=97, 462.528pt x 346.896pt>
File: ../Ex1/iA/Resources1a/zinpm2.png Graphic file (type png)
<use ../Ex1/iA/Resources1a/zinpm2.png>
Package pdftex.def Info: ../Ex1/iA/Resources1a/zinpm2.png  used on input line 2
75. on input line 275.
Package pdftex.def Info: Requested size: 231.26343pt x 173.44757pt on input lin
e 275.
<../Ex1/iA/Resources1a/zinpm2_sim.png, id=98, 529.22719pt x 399.74344pt>
File: ../Ex1/iA/Resources1a/zinpm2_sim.png Graphic file (type png)
<use ../Ex1/iA/Resources1a/zinpm2_sim.png>
Package pdftex.def Info: ../Ex1/iA/Resources1a/zinpm2_sim.png  used on input li
ne 275. on input line 275.
Package pdftex.def Info: Requested size: 211.68712pt x 159.89453pt on input lin
e 275.
<../Ex1/iA/Resources1a/zinpm2_med.png, id=99, 602.25pt x 372.39125pt>
File: ../Ex1/iA/Resources1a/zinpm2_med.png Graphic file (type png)
<use ../Ex1/iA/Resources1a/zinpm2_med.png>
Package pdftex.def Info: ../Ex1/iA/Resources1a/zinpm2_med.png  used on input li
ne 283. on input line 283.
Package pdftex.def Info: Requested size: 301.12425pt x 186.19516pt on input lin
e 283.
<../Ex1/iA/Resources1a/zinpp2.png, id=100, 462.528pt x 346.896pt>
File: ../Ex1/iA/Resources1a/zinpp2.png Graphic file (type png)
<use ../Ex1/iA/Resources1a/zinpp2.png>
Package pdftex.def Info: ../Ex1/iA/Resources1a/zinpp2.png  used on input line 2
91. on input line 291.
Package pdftex.def Info: Requested size: 231.26343pt x 173.44757pt on input lin
e 291.
<../Ex1/iA/Resources1a/zinpp2_sim.png, id=101, 529.22719pt x 399.74344pt>
File: ../Ex1/iA/Resources1a/zinpp2_sim.png Graphic file (type png)
<use ../Ex1/iA/Resources1a/zinpp2_sim.png>
Package pdftex.def Info: ../Ex1/iA/Resources1a/zinpp2_sim.png  used on input li
ne 291. on input line 291.
Package pdftex.def Info: Requested size: 211.68712pt x 159.89453pt on input lin
e 291.
 [10 <../Ex1/iA/Resources1a/zinpp1_med.png> <../Ex1/iA/Resources1a/zinpm2.png> 
<../Ex1/iA/Resources1a/zinpm2_sim.png> <../Ex1/iA/Resources1a/zinpm2_med.png>]
<../Ex1/iA/Resources1a/zinpp2_med.png, id=108, 602.25pt x 372.39125pt>
File: ../Ex1/iA/Resources1a/zinpp2_med.png Graphic file (type png)
<use ../Ex1/iA/Resources1a/zinpp2_med.png>
Package pdftex.def Info: ../Ex1/iA/Resources1a/zinpp2_med.png  used on input li
ne 299. on input line 299.
Package pdftex.def Info: Requested size: 301.12425pt x 186.19516pt on input lin
e 299.
<../Ex1/iA/Resources1a/zinpm3.png, id=109, 462.528pt x 346.896pt>
File: ../Ex1/iA/Resources1a/zinpm3.png Graphic file (type png)
<use ../Ex1/iA/Resources1a/zinpm3.png>
Package pdftex.def Info: ../Ex1/iA/Resources1a/zinpm3.png  used on input line 3
07. on input line 307.
Package pdftex.def Info: Requested size: 231.26343pt x 173.44757pt on input lin
e 307.
<../Ex1/iA/Resources1a/zinpm3_sim.png, id=110, 529.22719pt x 399.74344pt>
File: ../Ex1/iA/Resources1a/zinpm3_sim.png Graphic file (type png)
<use ../Ex1/iA/Resources1a/zinpm3_sim.png>
Package pdftex.def Info: ../Ex1/iA/Resources1a/zinpm3_sim.png  used on input li
ne 307. on input line 307.
Package pdftex.def Info: Requested size: 211.68712pt x 159.89453pt on input lin
e 307.
<../Ex1/iA/Resources1a/zinpm3_med.png, id=111, 602.25pt x 372.39125pt>
File: ../Ex1/iA/Resources1a/zinpm3_med.png Graphic file (type png)
<use ../Ex1/iA/Resources1a/zinpm3_med.png>
Package pdftex.def Info: ../Ex1/iA/Resources1a/zinpm3_med.png  used on input li
ne 315. on input line 315.
Package pdftex.def Info: Requested size: 301.12425pt x 186.19516pt on input lin
e 315.
 [11 <../Ex1/iA/Resources1a/zinpp2.png> <../Ex1/iA/Resources1a/zinpp2_sim.png> 
<../Ex1/iA/Resources1a/zinpp2_med.png> <../Ex1/iA/Resources1a/zinpm3.png> <../E
x1/iA/Resources1a/zinpm3_sim.png>]
<../Ex1/iA/Resources1a/zinpp3.png, id=118, 462.528pt x 346.896pt>
File: ../Ex1/iA/Resources1a/zinpp3.png Graphic file (type png)
<use ../Ex1/iA/Resources1a/zinpp3.png>
Package pdftex.def Info: ../Ex1/iA/Resources1a/zinpp3.png  used on input line 3
23. on input line 323.
Package pdftex.def Info: Requested size: 231.26343pt x 173.44757pt on input lin
e 323.
<../Ex1/iA/Resources1a/zinpp3_sim.png, id=119, 529.22719pt x 399.74344pt>
File: ../Ex1/iA/Resources1a/zinpp3_sim.png Graphic file (type png)
<use ../Ex1/iA/Resources1a/zinpp3_sim.png>
Package pdftex.def Info: ../Ex1/iA/Resources1a/zinpp3_sim.png  used on input li
ne 323. on input line 323.
Package pdftex.def Info: Requested size: 211.68712pt x 159.89453pt on input lin
e 323.
<../Ex1/iA/Resources1a/zinpp3_med.png, id=120, 602.25pt x 372.39125pt>
File: ../Ex1/iA/Resources1a/zinpp3_med.png Graphic file (type png)
<use ../Ex1/iA/Resources1a/zinpp3_med.png>
Package pdftex.def Info: ../Ex1/iA/Resources1a/zinpp3_med.png  used on input li
ne 331. on input line 331.
Package pdftex.def Info: Requested size: 301.12425pt x 186.19516pt on input lin
e 331.
 [12 <../Ex1/iA/Resources1a/zinpm3_med.png> <../Ex1/iA/Resources1a/zinpp3.png> 
<../Ex1/iA/Resources1a/zinpp3_sim.png> <../Ex1/iA/Resources1a/zinpp3_med.png>]
<../Ex1/iA/Resources1a/sat1.png, id=128, 462.528pt x 346.896pt>
File: ../Ex1/iA/Resources1a/sat1.png Graphic file (type png)
<use ../Ex1/iA/Resources1a/sat1.png>
Package pdftex.def Info: ../Ex1/iA/Resources1a/sat1.png  used on input line 390
. on input line 390.
Package pdftex.def Info: Requested size: 231.26343pt x 173.44757pt on input lin
e 390.
<../Ex1/iA/Resources1a/sat2.png, id=129, 462.528pt x 346.896pt>
File: ../Ex1/iA/Resources1a/sat2.png Graphic file (type png)
<use ../Ex1/iA/Resources1a/sat2.png>
Package pdftex.def Info: ../Ex1/iA/Resources1a/sat2.png  used on input line 398
. on input line 398.
Package pdftex.def Info: Requested size: 231.26343pt x 173.44757pt on input lin
e 398.
 [13 <../Ex1/iA/Resources1a/sat1.png>]
<../Ex1/iA/Resources1a/sat3.png, id=134, 462.528pt x 346.896pt>
File: ../Ex1/iA/Resources1a/sat3.png Graphic file (type png)
<use ../Ex1/iA/Resources1a/sat3.png>
Package pdftex.def Info: ../Ex1/iA/Resources1a/sat3.png  used on input line 408
. on input line 408.
Package pdftex.def Info: Requested size: 231.26343pt x 173.44757pt on input lin
e 408.
<../Ex1/iA/Resources1a/sat123.png, id=135, 462.528pt x 346.896pt>
File: ../Ex1/iA/Resources1a/sat123.png Graphic file (type png)
<use ../Ex1/iA/Resources1a/sat123.png>
Package pdftex.def Info: ../Ex1/iA/Resources1a/sat123.png  used on input line 4
18. on input line 418.
Package pdftex.def Info: Requested size: 231.26343pt x 173.44757pt on input lin
e 418.
<../Ex1/iA/Resources1a/sat1med.png, id=136, 770.88pt x 535.2497pt>
File: ../Ex1/iA/Resources1a/sat1med.png Graphic file (type png)
<use ../Ex1/iA/Resources1a/sat1med.png>
Package pdftex.def Info: ../Ex1/iA/Resources1a/sat1med.png  used on input line 
429. on input line 429.
Package pdftex.def Info: Requested size: 231.26578pt x 160.57614pt on input lin
e 429.
 [14 <../Ex1/iA/Resources1a/sat2.png> <../Ex1/iA/Resources1a/sat3.png> <../Ex1/
iA/Resources1a/sat123.png>]
<../Ex1/iA/Resources1a/SlewRate1.png, id=143, 462.528pt x 346.896pt>
File: ../Ex1/iA/Resources1a/SlewRate1.png Graphic file (type png)
<use ../Ex1/iA/Resources1a/SlewRate1.png>
Package pdftex.def Info: ../Ex1/iA/Resources1a/SlewRate1.png  used on input lin
e 498. on input line 498.
Package pdftex.def Info: Requested size: 231.26343pt x 173.44757pt on input lin
e 498.
 [15 <../Ex1/iA/Resources1a/sat1med.png>]
<../Ex1/iA/Resources1a/SlewRate2.png, id=148, 462.528pt x 346.896pt>
File: ../Ex1/iA/Resources1a/SlewRate2.png Graphic file (type png)
<use ../Ex1/iA/Resources1a/SlewRate2.png>
Package pdftex.def Info: ../Ex1/iA/Resources1a/SlewRate2.png  used on input lin
e 508. on input line 508.
Package pdftex.def Info: Requested size: 231.26343pt x 173.44757pt on input lin
e 508.
<../Ex1/iA/Resources1a/SlewRate3.png, id=149, 462.528pt x 346.896pt>
File: ../Ex1/iA/Resources1a/SlewRate3.png Graphic file (type png)
<use ../Ex1/iA/Resources1a/SlewRate3.png>
Package pdftex.def Info: ../Ex1/iA/Resources1a/SlewRate3.png  used on input lin
e 518. on input line 518.
Package pdftex.def Info: Requested size: 231.26343pt x 173.44757pt on input lin
e 518.
<../Ex1/iA/Resources1a/SlewRate123.png, id=150, 462.528pt x 346.896pt>
File: ../Ex1/iA/Resources1a/SlewRate123.png Graphic file (type png)
<use ../Ex1/iA/Resources1a/SlewRate123.png>
Package pdftex.def Info: ../Ex1/iA/Resources1a/SlewRate123.png  used on input l
ine 528. on input line 528.
Package pdftex.def Info: Requested size: 231.26343pt x 173.44757pt on input lin
e 528.
 [16 <../Ex1/iA/Resources1a/SlewRate1.png> <../Ex1/iA/Resources1a/SlewRate2.png
> <../Ex1/iA/Resources1a/SlewRate3.png>]
<../Ex1/iA/Resources1a/slewRatemed.png, id=157, 770.88pt x 529.98pt>
File: ../Ex1/iA/Resources1a/slewRatemed.png Graphic file (type png)
<use ../Ex1/iA/Resources1a/slewRatemed.png>
Package pdftex.def Info: ../Ex1/iA/Resources1a/slewRatemed.png  used on input l
ine 538. on input line 538.
Package pdftex.def Info: Requested size: 231.26578pt x 158.99521pt on input lin
e 538.
<../Ex1/iA/Resources1a/push-pull.png, id=158, 246.9225pt x 225.84375pt>
File: ../Ex1/iA/Resources1a/push-pull.png Graphic file (type png)
<use ../Ex1/iA/Resources1a/push-pull.png>
Package pdftex.def Info: ../Ex1/iA/Resources1a/push-pull.png  used on input lin
e 568. on input line 568.
Package pdftex.def Info: Requested size: 123.46094pt x 112.92159pt on input lin
e 568.
 [17 <../Ex1/iA/Resources1a/SlewRate123.png> <../Ex1/iA/Resources1a/slewRatemed
.png>]
<../Ex1/iA/Resources1a/crossover.png, id=163, 312.41719pt x 275.52937pt>
File: ../Ex1/iA/Resources1a/crossover.png Graphic file (type png)
<use ../Ex1/iA/Resources1a/crossover.png>
Package pdftex.def Info: ../Ex1/iA/Resources1a/crossover.png  used on input lin
e 576. on input line 576.
Package pdftex.def Info: Requested size: 156.2082pt x 137.76434pt on input line
 576.
<../Ex1/iA/Resources1a/CrossDistmed.png, id=164, 770.88pt x 529.98pt>
File: ../Ex1/iA/Resources1a/CrossDistmed.png Graphic file (type png)
<use ../Ex1/iA/Resources1a/CrossDistmed.png>
Package pdftex.def Info: ../Ex1/iA/Resources1a/CrossDistmed.png  used on input 
line 584. on input line 584.
Package pdftex.def Info: Requested size: 231.26578pt x 158.99521pt on input lin
e 584.
<../Ex1/iA/Resources1a/AmplMaxVsFreq1.png, id=165, 462.528pt x 346.896pt>
File: ../Ex1/iA/Resources1a/AmplMaxVsFreq1.png Graphic file (type png)
<use ../Ex1/iA/Resources1a/AmplMaxVsFreq1.png>
Package pdftex.def Info: ../Ex1/iA/Resources1a/AmplMaxVsFreq1.png  used on inpu
t line 612. on input line 612.
Package pdftex.def Info: Requested size: 231.26343pt x 173.44757pt on input lin
e 612.
 [18 <../Ex1/iA/Resources1a/push-pull.png> <../Ex1/iA/Resources1a/crossover.png
> <../Ex1/iA/Resources1a/CrossDistmed.png>]
<../Ex1/iA/Resources1a/AmplMaxVsFreq2.png, id=171, 462.528pt x 346.896pt>
File: ../Ex1/iA/Resources1a/AmplMaxVsFreq2.png Graphic file (type png)
<use ../Ex1/iA/Resources1a/AmplMaxVsFreq2.png>
Package pdftex.def Info: ../Ex1/iA/Resources1a/AmplMaxVsFreq2.png  used on inpu
t line 622. on input line 622.
Package pdftex.def Info: Requested size: 231.26343pt x 173.44757pt on input lin
e 622.
<../Ex1/iA/Resources1a/AmplMaxVsFreq3.png, id=172, 462.528pt x 346.896pt>
File: ../Ex1/iA/Resources1a/AmplMaxVsFreq3.png Graphic file (type png)
<use ../Ex1/iA/Resources1a/AmplMaxVsFreq3.png>
Package pdftex.def Info: ../Ex1/iA/Resources1a/AmplMaxVsFreq3.png  used on inpu
t line 632. on input line 632.
Package pdftex.def Info: Requested size: 231.26343pt x 173.44757pt on input lin
e 632.
<../Ex1/iA/Resources1a/AmplMaxVsFreq123.png, id=173, 462.528pt x 346.896pt>
File: ../Ex1/iA/Resources1a/AmplMaxVsFreq123.png Graphic file (type png)
<use ../Ex1/iA/Resources1a/AmplMaxVsFreq123.png>
Package pdftex.def Info: ../Ex1/iA/Resources1a/AmplMaxVsFreq123.png  used on in
put line 642. on input line 642.
Package pdftex.def Info: Requested size: 231.26343pt x 173.44757pt on input lin
e 642.
 [19 <../Ex1/iA/Resources1a/AmplMaxVsFreq1.png> <../Ex1/iA/Resources1a/AmplMaxV
sFreq2.png> <../Ex1/iA/Resources1a/AmplMaxVsFreq3.png>] [20 <../Ex1/iA/Resource
s1a/AmplMaxVsFreq123.png>]
<../Ex1/iA/Resources1a/r3=0.png, id=184, 770.88pt x 504.38437pt>
File: ../Ex1/iA/Resources1a/r3=0.png Graphic file (type png)
<use ../Ex1/iA/Resources1a/r3=0.png>
Package pdftex.def Info: ../Ex1/iA/Resources1a/r3=0.png  used on input line 726
. on input line 726.
Package pdftex.def Info: Requested size: 231.26578pt x 151.31647pt on input lin
e 726.
<../Ex1/iA/Resources1a/dcswp1sim.png, id=185, 562.35094pt x 389.95688pt>
File: ../Ex1/iA/Resources1a/dcswp1sim.png Graphic file (type png)
<use ../Ex1/iA/Resources1a/dcswp1sim.png>
Package pdftex.def Info: ../Ex1/iA/Resources1a/dcswp1sim.png  used on input lin
e 747. on input line 747.
Package pdftex.def Info: Requested size: 224.93639pt x 155.97998pt on input lin
e 747.
<../Ex1/iA/Resources1a/DCSWEEP1MED.png, id=186, 602.25pt x 372.39125pt>
File: ../Ex1/iA/Resources1a/DCSWEEP1MED.png Graphic file (type png)
<use ../Ex1/iA/Resources1a/DCSWEEP1MED.png>
Package pdftex.def Info: ../Ex1/iA/Resources1a/DCSWEEP1MED.png  used on input l
ine 747. on input line 747.
Package pdftex.def Info: Requested size: 240.89572pt x 148.95386pt on input lin
e 747.
<../Ex1/iA/Resources1a/dcswp2sim.png, id=187, 505.89pt x 403.5075pt>
File: ../Ex1/iA/Resources1a/dcswp2sim.png Graphic file (type png)
<use ../Ex1/iA/Resources1a/dcswp2sim.png>
Package pdftex.def Info: ../Ex1/iA/Resources1a/dcswp2sim.png  used on input lin
e 756. on input line 756.
Package pdftex.def Info: Requested size: 202.3524pt x 161.40013pt on input line
 756.
<../Ex1/iA/Resources1a/DCSWEEP2MED.png, id=188, 602.25pt x 372.39125pt>
File: ../Ex1/iA/Resources1a/DCSWEEP2MED.png Graphic file (type png)
<use ../Ex1/iA/Resources1a/DCSWEEP2MED.png>
Package pdftex.def Info: ../Ex1/iA/Resources1a/DCSWEEP2MED.png  used on input l
ine 756. on input line 756.
Package pdftex.def Info: Requested size: 240.89572pt x 148.95386pt on input lin
e 756.

[21 <../Ex1/iA/Resources1a/r3=0.png> <../Ex1/iA/Resources1a/dcswp1sim.png> <../
Ex1/iA/Resources1a/DCSWEEP1MED.png>]
<../Ex1/iA/Resources1a/dcswp3sim.png, id=193, 505.89pt x 403.5075pt>
File: ../Ex1/iA/Resources1a/dcswp3sim.png Graphic file (type png)
<use ../Ex1/iA/Resources1a/dcswp3sim.png>
Package pdftex.def Info: ../Ex1/iA/Resources1a/dcswp3sim.png  used on input lin
e 765. on input line 765.
Package pdftex.def Info: Requested size: 202.3524pt x 161.40013pt on input line
 765.
<../Ex1/iA/Resources1a/DCSWEEP3MED.png, id=194, 602.25pt x 372.39125pt>
File: ../Ex1/iA/Resources1a/DCSWEEP3MED.png Graphic file (type png)
<use ../Ex1/iA/Resources1a/DCSWEEP3MED.png>
Package pdftex.def Info: ../Ex1/iA/Resources1a/DCSWEEP3MED.png  used on input l
ine 765. on input line 765.
Package pdftex.def Info: Requested size: 240.89572pt x 148.95386pt on input lin
e 765.
) (../Ex1/iB/Ex1b.tex
<../Ex1/ib/Resources1b/circuit.png, id=195, 433.62pt x 222.07968pt>
File: ../Ex1/ib/Resources1b/circuit.png Graphic file (type png)
<use ../Ex1/ib/Resources1b/circuit.png>
Package pdftex.def Info: ../Ex1/ib/Resources1b/circuit.png  used on input line 
10. on input line 10.
Package pdftex.def Info: Requested size: 216.80946pt x 111.03957pt on input lin
e 10.


pdfTeX warning: pdflatex (file ../Ex1/ib/Resources1b/Schematic.pdf): PDF inclus
ion: found PDF version <1.7>, but at most version <1.5> allowed
<../Ex1/ib/Resources1b/Schematic.pdf, id=196, pagebox=cropbox, 845.04686pt x 59
7.50786pt>
File: ../Ex1/ib/Resources1b/Schematic.pdf Graphic file (type pdf)
<use ../Ex1/ib/Resources1b/Schematic.pdf>
Package pdftex.def Info: ../Ex1/ib/Resources1b/Schematic.pdf  used on input lin
e 22. on input line 22.
Package pdftex.def Info: Requested size: 422.5224pt x 298.75319pt on input line
 22.
[22 <../Ex1/iA/Resources1a/dcswp2sim.png> <../Ex1/iA/Resources1a/DCSWEEP2MED.pn
g> <../Ex1/iA/Resources1a/dcswp3sim.png> <../Ex1/iA/Resources1a/DCSWEEP3MED.png
> <../Ex1/ib/Resources1b/circuit.png>]

pdfTeX warning: pdflatex (file ../Ex1/ib/Resources1b/PCB.pdf): PDF inclusion: f
ound PDF version <1.7>, but at most version <1.5> allowed
<../Ex1/ib/Resources1b/PCB.pdf, id=202, pagebox=cropbox, 845.04686pt x 597.5078
6pt>
File: ../Ex1/ib/Resources1b/PCB.pdf Graphic file (type pdf)
<use ../Ex1/ib/Resources1b/PCB.pdf>
Package pdftex.def Info: ../Ex1/ib/Resources1b/PCB.pdf  used on input line 31. 
on input line 31.
Package pdftex.def Info: Requested size: 253.516pt x 179.25374pt on input line 
31.
[23 <../Ex1/ib/Resources1b/Schematic.pdf> <../Ex1/ib/Resources1b/PCB.pdf>]
<../Ex1/ib/Resources1b/H1b.png, id=220, 560.0925pt x 426.393pt>
File: ../Ex1/ib/Resources1b/H1b.png Graphic file (type png)
<use ../Ex1/ib/Resources1b/H1b.png>
Package pdftex.def Info: ../Ex1/ib/Resources1b/H1b.png  used on input line 73. 
on input line 73.
Package pdftex.def Info: Requested size: 280.04556pt x 213.19597pt on input lin
e 73.
<../Ex1/ib/Resources1b/Montecarlo1.png, id=221, 542.77782pt x 420.06938pt>
File: ../Ex1/ib/Resources1b/Montecarlo1.png Graphic file (type png)
<use ../Ex1/ib/Resources1b/Montecarlo1.png>
Package pdftex.def Info: ../Ex1/ib/Resources1b/Montecarlo1.png  used on input l
ine 80. on input line 80.
Package pdftex.def Info: Requested size: 271.38824pt x 210.03418pt on input lin
e 80.

[24 <../Ex1/ib/Resources1b/H1b.png>]
<../Ex1/ib/Resources1b/H2b.png, id=229, 560.0925pt x 425.6703pt>
File: ../Ex1/ib/Resources1b/H2b.png Graphic file (type png)
<use ../Ex1/ib/Resources1b/H2b.png>
Package pdftex.def Info: ../Ex1/ib/Resources1b/H2b.png  used on input line 87. 
on input line 87.
Package pdftex.def Info: Requested size: 280.04556pt x 212.83463pt on input lin
e 87.
<../Ex1/ib/Resources1b/Montecarlo2.png, id=230, 542.77782pt x 420.06938pt>
File: ../Ex1/ib/Resources1b/Montecarlo2.png Graphic file (type png)
<use ../Ex1/ib/Resources1b/Montecarlo2.png>
Package pdftex.def Info: ../Ex1/ib/Resources1b/Montecarlo2.png  used on input l
ine 94. on input line 94.
Package pdftex.def Info: Requested size: 271.38824pt x 210.03418pt on input lin
e 94.
 [25 <../Ex1/ib/Resources1b/Montecarlo1.png> <../Ex1/ib/Resources1b/H2b.png>]
<../Ex1/ib/Resources1b/H3b.png, id=235, 560.0925pt x 425.6703pt>
File: ../Ex1/ib/Resources1b/H3b.png Graphic file (type png)
<use ../Ex1/ib/Resources1b/H3b.png>
Package pdftex.def Info: ../Ex1/ib/Resources1b/H3b.png  used on input line 101.
 on input line 101.
Package pdftex.def Info: Requested size: 280.04556pt x 212.83463pt on input lin
e 101.
<../Ex1/ib/Resources1b/Montecarlo3.png, id=236, 542.77782pt x 420.06938pt>
File: ../Ex1/ib/Resources1b/Montecarlo3.png Graphic file (type png)
<use ../Ex1/ib/Resources1b/Montecarlo3.png>
Package pdftex.def Info: ../Ex1/ib/Resources1b/Montecarlo3.png  used on input l
ine 108. on input line 108.
Package pdftex.def Info: Requested size: 271.38824pt x 210.03418pt on input lin
e 108.
 [26 <../Ex1/ib/Resources1b/Montecarlo2.png> <../Ex1/ib/Resources1b/H3b.png>]
<../Ex1/ib/Resources1b/zinp1_sim.png, id=241, 533.74406pt x 380.92313pt>
File: ../Ex1/ib/Resources1b/zinp1_sim.png Graphic file (type png)
<use ../Ex1/ib/Resources1b/zinp1_sim.png>
Package pdftex.def Info: ../Ex1/ib/Resources1b/zinp1_sim.png  used on input lin
e 156. on input line 156.
Package pdftex.def Info: Requested size: 266.87137pt x 190.46109pt on input lin
e 156.
 [27 <../Ex1/ib/Resources1b/Montecarlo3.png>]
<../Ex1/ib/Resources1b/zinp1_m_med.png, id=245, 602.25pt x 372.39125pt>
File: ../Ex1/ib/Resources1b/zinp1_m_med.png Graphic file (type png)
<use ../Ex1/ib/Resources1b/zinp1_m_med.png>
Package pdftex.def Info: ../Ex1/ib/Resources1b/zinp1_m_med.png  used on input l
ine 164. on input line 164.
Package pdftex.def Info: Requested size: 240.89572pt x 148.95386pt on input lin
e 164.
<../Ex1/ib/Resources1b/zinp1_p_med.png, id=246, 602.25pt x 372.39125pt>
File: ../Ex1/ib/Resources1b/zinp1_p_med.png Graphic file (type png)
<use ../Ex1/ib/Resources1b/zinp1_p_med.png>
Package pdftex.def Info: ../Ex1/ib/Resources1b/zinp1_p_med.png  used on input l
ine 164. on input line 164.
Package pdftex.def Info: Requested size: 240.89572pt x 148.95386pt on input lin
e 164.
<../Ex1/ib/Resources1b/zinp2_sim.png, id=247, 533.74406pt x 380.92313pt>
File: ../Ex1/ib/Resources1b/zinp2_sim.png Graphic file (type png)
<use ../Ex1/ib/Resources1b/zinp2_sim.png>
Package pdftex.def Info: ../Ex1/ib/Resources1b/zinp2_sim.png  used on input lin
e 172. on input line 172.
Package pdftex.def Info: Requested size: 266.87137pt x 190.46109pt on input lin
e 172.
<../Ex1/ib/Resources1b/zinp2_m_med.png, id=248, 602.25pt x 372.39125pt>
File: ../Ex1/ib/Resources1b/zinp2_m_med.png Graphic file (type png)
<use ../Ex1/ib/Resources1b/zinp2_m_med.png>
Package pdftex.def Info: ../Ex1/ib/Resources1b/zinp2_m_med.png  used on input l
ine 179. on input line 179.
Package pdftex.def Info: Requested size: 240.89572pt x 148.95386pt on input lin
e 179.
<../Ex1/ib/Resources1b/zinp2_p_med.png, id=249, 602.25pt x 372.39125pt>
File: ../Ex1/ib/Resources1b/zinp2_p_med.png Graphic file (type png)
<use ../Ex1/ib/Resources1b/zinp2_p_med.png>
Package pdftex.def Info: ../Ex1/ib/Resources1b/zinp2_p_med.png  used on input l
ine 179. on input line 179.
Package pdftex.def Info: Requested size: 240.89572pt x 148.95386pt on input lin
e 179.

[28 <../Ex1/ib/Resources1b/zinp1_sim.png> <../Ex1/ib/Resources1b/zinp1_m_med.pn
g> <../Ex1/ib/Resources1b/zinp1_p_med.png> <../Ex1/ib/Resources1b/zinp2_sim.png
>]
<../Ex1/ib/Resources1b/zinp3_sim.png, id=255, 533.74406pt x 380.92313pt>
File: ../Ex1/ib/Resources1b/zinp3_sim.png Graphic file (type png)
<use ../Ex1/ib/Resources1b/zinp3_sim.png>
Package pdftex.def Info: ../Ex1/ib/Resources1b/zinp3_sim.png  used on input lin
e 186. on input line 186.
Package pdftex.def Info: Requested size: 266.87137pt x 190.46109pt on input lin
e 186.
<../Ex1/ib/Resources1b/zinp3_m_med.png, id=256, 602.25pt x 372.39125pt>
File: ../Ex1/ib/Resources1b/zinp3_m_med.png Graphic file (type png)
<use ../Ex1/ib/Resources1b/zinp3_m_med.png>
Package pdftex.def Info: ../Ex1/ib/Resources1b/zinp3_m_med.png  used on input l
ine 193. on input line 193.
Package pdftex.def Info: Requested size: 240.89572pt x 148.95386pt on input lin
e 193.
<../Ex1/ib/Resources1b/zinp3_p_med.png, id=257, 602.25pt x 372.39125pt>
File: ../Ex1/ib/Resources1b/zinp3_p_med.png Graphic file (type png)
<use ../Ex1/ib/Resources1b/zinp3_p_med.png>
Package pdftex.def Info: ../Ex1/ib/Resources1b/zinp3_p_med.png  used on input l
ine 193. on input line 193.
Package pdftex.def Info: Requested size: 240.89572pt x 148.95386pt on input lin
e 193.
 [29 <../Ex1/ib/Resources1b/zinp2_m_med.png> <../Ex1/ib/Resources1b/zinp2_p_med
.png> <../Ex1/ib/Resources1b/zinp3_sim.png> <../Ex1/ib/Resources1b/zinp3_m_med.
png> <../Ex1/ib/Resources1b/zinp3_p_med.png>]
<../Ex1/ib/Resources1b/zinp1_sim_para.png, id=265, 545.78906pt x 423.08063pt>
File: ../Ex1/ib/Resources1b/zinp1_sim_para.png Graphic file (type png)
<use ../Ex1/ib/Resources1b/zinp1_sim_para.png>
Package pdftex.def Info: ../Ex1/ib/Resources1b/zinp1_sim_para.png  used on inpu
t line 224. on input line 224.
Package pdftex.def Info: Requested size: 272.89386pt x 211.5398pt on input line
 224.
<../Ex1/ib/Resources1b/zinp2_sim_para.png, id=266, 545.78906pt x 423.08063pt>
File: ../Ex1/ib/Resources1b/zinp2_sim_para.png Graphic file (type png)
<use ../Ex1/ib/Resources1b/zinp2_sim_para.png>
Package pdftex.def Info: ../Ex1/ib/Resources1b/zinp2_sim_para.png  used on inpu
t line 234. on input line 234.
Package pdftex.def Info: Requested size: 272.89386pt x 211.5398pt on input line
 234.
<../Ex1/ib/Resources1b/zinp3_sim_para.png, id=267, 545.78906pt x 423.08063pt>
File: ../Ex1/ib/Resources1b/zinp3_sim_para.png Graphic file (type png)
<use ../Ex1/ib/Resources1b/zinp3_sim_para.png>
Package pdftex.def Info: ../Ex1/ib/Resources1b/zinp3_sim_para.png  used on inpu
t line 242. on input line 242.
Package pdftex.def Info: Requested size: 272.89386pt x 211.5398pt on input line
 242.
 [30 <../Ex1/ib/Resources1b/zinp1_sim_para.png> <../Ex1/ib/Resources1b/zinp2_si
m_para.png>]
<../Ex1/ib/Resources1b/sat1.png, id=272, 462.528pt x 346.896pt>
File: ../Ex1/ib/Resources1b/sat1.png Graphic file (type png)
<use ../Ex1/ib/Resources1b/sat1.png>
Package pdftex.def Info: ../Ex1/ib/Resources1b/sat1.png  used on input line 284
. on input line 284.
Package pdftex.def Info: Requested size: 231.26343pt x 173.44757pt on input lin
e 284.
 [31 <../Ex1/ib/Resources1b/zinp3_sim_para.png>]
<../Ex1/ib/Resources1b/sat2.png, id=276, 462.528pt x 346.896pt>
File: ../Ex1/ib/Resources1b/sat2.png Graphic file (type png)
<use ../Ex1/ib/Resources1b/sat2.png>
Package pdftex.def Info: ../Ex1/ib/Resources1b/sat2.png  used on input line 294
. on input line 294.
Package pdftex.def Info: Requested size: 231.26343pt x 173.44757pt on input lin
e 294.
<../Ex1/ib/Resources1b/sat3.png, id=277, 462.528pt x 346.896pt>
File: ../Ex1/ib/Resources1b/sat3.png Graphic file (type png)
<use ../Ex1/ib/Resources1b/sat3.png>
Package pdftex.def Info: ../Ex1/ib/Resources1b/sat3.png  used on input line 302
. on input line 302.
Package pdftex.def Info: Requested size: 231.26343pt x 173.44757pt on input lin
e 302.
<../Ex1/ib/Resources1b/sat123.png, id=278, 462.528pt x 346.896pt>
File: ../Ex1/ib/Resources1b/sat123.png Graphic file (type png)
<use ../Ex1/ib/Resources1b/sat123.png>
Package pdftex.def Info: ../Ex1/ib/Resources1b/sat123.png  used on input line 3
10. on input line 310.
Package pdftex.def Info: Requested size: 231.26343pt x 173.44757pt on input lin
e 310.
 [32 <../Ex1/ib/Resources1b/sat1.png> <../Ex1/ib/Resources1b/sat2.png> <../Ex1/
ib/Resources1b/sat3.png>]
<../Ex1/ib/Resources1b/slewRate1.png, id=285, 462.528pt x 346.896pt>
File: ../Ex1/ib/Resources1b/slewRate1.png Graphic file (type png)
<use ../Ex1/ib/Resources1b/slewRate1.png>
Package pdftex.def Info: ../Ex1/ib/Resources1b/slewRate1.png  used on input lin
e 357. on input line 357.
Package pdftex.def Info: Requested size: 231.26343pt x 173.44757pt on input lin
e 357.
 [33 <../Ex1/ib/Resources1b/sat123.png>]
<../Ex1/ib/Resources1b/slewRate2.png, id=290, 462.528pt x 346.896pt>
File: ../Ex1/ib/Resources1b/slewRate2.png Graphic file (type png)
<use ../Ex1/ib/Resources1b/slewRate2.png>
Package pdftex.def Info: ../Ex1/ib/Resources1b/slewRate2.png  used on input lin
e 366. on input line 366.
Package pdftex.def Info: Requested size: 231.26343pt x 173.44757pt on input lin
e 366.
<../Ex1/ib/Resources1b/slewRate3.png, id=291, 462.528pt x 346.896pt>
File: ../Ex1/ib/Resources1b/slewRate3.png Graphic file (type png)
<use ../Ex1/ib/Resources1b/slewRate3.png>
Package pdftex.def Info: ../Ex1/ib/Resources1b/slewRate3.png  used on input lin
e 375. on input line 375.
Package pdftex.def Info: Requested size: 231.26343pt x 173.44757pt on input lin
e 375.
<../Ex1/ib/Resources1b/slewRate123.png, id=292, 462.528pt x 346.896pt>
File: ../Ex1/ib/Resources1b/slewRate123.png Graphic file (type png)
<use ../Ex1/ib/Resources1b/slewRate123.png>
Package pdftex.def Info: ../Ex1/ib/Resources1b/slewRate123.png  used on input l
ine 384. on input line 384.
Package pdftex.def Info: Requested size: 231.26343pt x 173.44757pt on input lin
e 384.
 [34 <../Ex1/ib/Resources1b/slewRate1.png> <../Ex1/ib/Resources1b/slewRate2.png
> <../Ex1/ib/Resources1b/slewRate3.png>]
<../Ex1/ib/Resources1b/AmplMaxVsFreq1.png, id=299, 462.528pt x 346.896pt>
File: ../Ex1/ib/Resources1b/AmplMaxVsFreq1.png Graphic file (type png)
<use ../Ex1/ib/Resources1b/AmplMaxVsFreq1.png>
Package pdftex.def Info: ../Ex1/ib/Resources1b/AmplMaxVsFreq1.png  used on inpu
t line 403. on input line 403.
Package pdftex.def Info: Requested size: 231.26343pt x 173.44757pt on input lin
e 403.
<../Ex1/ib/Resources1b/AmplMaxVsFreq2.png, id=300, 462.528pt x 346.896pt>
File: ../Ex1/ib/Resources1b/AmplMaxVsFreq2.png Graphic file (type png)
<use ../Ex1/ib/Resources1b/AmplMaxVsFreq2.png>
Package pdftex.def Info: ../Ex1/ib/Resources1b/AmplMaxVsFreq2.png  used on inpu
t line 413. on input line 413.
Package pdftex.def Info: Requested size: 231.26343pt x 173.44757pt on input lin
e 413.
 [35 <../Ex1/ib/Resources1b/slewRate123.png> <../Ex1/ib/Resources1b/AmplMaxVsFr
eq1.png>]
<../Ex1/ib/Resources1b/AmplMaxVsFreq3.png, id=306, 462.528pt x 346.896pt>
File: ../Ex1/ib/Resources1b/AmplMaxVsFreq3.png Graphic file (type png)
<use ../Ex1/ib/Resources1b/AmplMaxVsFreq3.png>
Package pdftex.def Info: ../Ex1/ib/Resources1b/AmplMaxVsFreq3.png  used on inpu
t line 422. on input line 422.
Package pdftex.def Info: Requested size: 231.26343pt x 173.44757pt on input lin
e 422.
<../Ex1/ib/Resources1b/AmplMaxVsFreq123.png, id=307, 462.528pt x 346.896pt>
File: ../Ex1/ib/Resources1b/AmplMaxVsFreq123.png Graphic file (type png)
<use ../Ex1/ib/Resources1b/AmplMaxVsFreq123.png>
Package pdftex.def Info: ../Ex1/ib/Resources1b/AmplMaxVsFreq123.png  used on in
put line 431. on input line 431.
Package pdftex.def Info: Requested size: 231.26343pt x 173.44757pt on input lin
e 431.
<"../Ex1/ib/Resources1b/DC Sweep1_sim".png, id=308, 551.81157pt x 320.69812pt>
File: "../Ex1/ib/Resources1b/DC Sweep1_sim".png Graphic file (type png)
<use "../Ex1/ib/Resources1b/DC Sweep1_sim".png>
Package pdftex.def Info: "../Ex1/ib/Resources1b/DC Sweep1_sim".png  used on inp
ut line 444. on input line 444.
Package pdftex.def Info: Requested size: 165.54474pt x 96.21017pt on input line
 444.
<"../Ex1/ib/Resources1b/DC Sweep1_med".png, id=309, 602.25pt x 372.39125pt>
File: "../Ex1/ib/Resources1b/DC Sweep1_med".png Graphic file (type png)
<use "../Ex1/ib/Resources1b/DC Sweep1_med".png>
Package pdftex.def Info: "../Ex1/ib/Resources1b/DC Sweep1_med".png  used on inp
ut line 444. on input line 444.
Package pdftex.def Info: Requested size: 180.67639pt x 111.71823pt on input lin
e 444.
 [36 <../Ex1/ib/Resources1b/AmplMaxVsFreq2.png> <../Ex1/ib/Resources1b/AmplMaxV
sFreq3.png> <../Ex1/ib/Resources1b/AmplMaxVsFreq123.png>]
<"../Ex1/ib/Resources1b/DC Sweep2_sim".png, id=317, 551.81157pt x 320.69812pt>
File: "../Ex1/ib/Resources1b/DC Sweep2_sim".png Graphic file (type png)
<use "../Ex1/ib/Resources1b/DC Sweep2_sim".png>
Package pdftex.def Info: "../Ex1/ib/Resources1b/DC Sweep2_sim".png  used on inp
ut line 451. on input line 451.
Package pdftex.def Info: Requested size: 165.54474pt x 96.21017pt on input line
 451.
<"../Ex1/ib/Resources1b/DC Sweep2_med".png, id=318, 602.25pt x 372.39125pt>
File: "../Ex1/ib/Resources1b/DC Sweep2_med".png Graphic file (type png)
<use "../Ex1/ib/Resources1b/DC Sweep2_med".png>
Package pdftex.def Info: "../Ex1/ib/Resources1b/DC Sweep2_med".png  used on inp
ut line 451. on input line 451.
Package pdftex.def Info: Requested size: 180.67639pt x 111.71823pt on input lin
e 451.
<"../Ex1/ib/Resources1b/DC Sweep3_sim".png, id=319, 551.81157pt x 320.69812pt>
File: "../Ex1/ib/Resources1b/DC Sweep3_sim".png Graphic file (type png)
<use "../Ex1/ib/Resources1b/DC Sweep3_sim".png>
Package pdftex.def Info: "../Ex1/ib/Resources1b/DC Sweep3_sim".png  used on inp
ut line 458. on input line 458.
Package pdftex.def Info: Requested size: 165.54474pt x 96.21017pt on input line
 458.
<"../Ex1/ib/Resources1b/DC Sweep3_med".png, id=320, 602.25pt x 372.39125pt>
File: "../Ex1/ib/Resources1b/DC Sweep3_med".png Graphic file (type png)
<use "../Ex1/ib/Resources1b/DC Sweep3_med".png>
Package pdftex.def Info: "../Ex1/ib/Resources1b/DC Sweep3_med".png  used on inp
ut line 458. on input line 458.
Package pdftex.def Info: Requested size: 180.67639pt x 111.71823pt on input lin
e 458.
 [37 <../Ex1/ib/Resources1b/DC Sweep1_sim.png> <../Ex1/ib/Resources1b/DC Sweep1
_med.png> <../Ex1/ib/Resources1b/DC Sweep2_sim.png> <../Ex1/ib/Resources1b/DC S
weep2_med.png> <../Ex1/ib/Resources1b/DC Sweep3_sim.png> <../Ex1/ib/Resources1b
/DC Sweep3_med.png>])
(../Ex3/ejercicio3.tex
<../Ex3/Figuras/fig_0.png, id=328, 295.1025pt x 294.09875pt>
File: ../Ex3/Figuras/fig_0.png Graphic file (type png)
<use ../Ex3/Figuras/fig_0.png>
Package pdftex.def Info: ../Ex3/Figuras/fig_0.png  used on input line 12. on in
put line 12.
Package pdftex.def Info: Requested size: 200.19423pt x 142.26524pt on input lin
e 12.
<../Ex3/Figuras/circuito_medicion.png, id=329, 1017.8025pt x 343.2825pt>
File: ../Ex3/Figuras/circuito_medicion.png Graphic file (type png)
<use ../Ex3/Figuras/circuito_medicion.png>
Package pdftex.def Info: ../Ex3/Figuras/circuito_medicion.png  used on input li
ne 27. on input line 27.
Package pdftex.def Info: Requested size: 400.38913pt x 142.26053pt on input lin
e 27.
 [38 <../Ex3/Figuras/fig_0.png>]
<../Ex3/Figuras/fig_1.png, id=334, 701.62125pt x 396.48125pt>
File: ../Ex3/Figuras/fig_1.png Graphic file (type png)
<use ../Ex3/Figuras/fig_1.png>
Package pdftex.def Info: ../Ex3/Figuras/fig_1.png  used on input line 49. on in
put line 49.
Package pdftex.def Info: Requested size: 250.23886pt x 142.2673pt on input line
 49.
<../Ex3/Figuras/fig_2.png, id=335, 603.25375pt x 562.1pt>
File: ../Ex3/Figuras/fig_2.png Graphic file (type png)
<use ../Ex3/Figuras/fig_2.png>
Package pdftex.def Info: ../Ex3/Figuras/fig_2.png  used on input line 70. on in
put line 70.
Package pdftex.def Info: Requested size: 250.23518pt x 142.25719pt on input lin
e 70.
 [39 <../Ex3/Figuras/circuito_medicion.png> <../Ex3/Figuras/fig_1.png>]
<../Ex3/Figuras/fig_3.png, id=341, 740.7675pt x 553.06625pt>
File: ../Ex3/Figuras/fig_3.png Graphic file (type png)
<use ../Ex3/Figuras/fig_3.png>
Package pdftex.def Info: ../Ex3/Figuras/fig_3.png  used on input line 87. on in
put line 87.
Package pdftex.def Info: Requested size: 250.24126pt x 142.2579pt on input line
 87.
 [40 <../Ex3/Figuras/fig_2.png> <../Ex3/Figuras/fig_3.png>]
<../Ex3/Figuras/fig_4.png, id=347, 651.43375pt x 385.44pt>
File: ../Ex3/Figuras/fig_4.png Graphic file (type png)
<use ../Ex3/Figuras/fig_4.png>
Package pdftex.def Info: ../Ex3/Figuras/fig_4.png  used on input line 134. on i
nput line 134.
Package pdftex.def Info: Requested size: 250.24115pt x 142.26357pt on input lin
e 134.
File: ../Ex3/Figuras/circuito_medicion.png Graphic file (type png)
<use ../Ex3/Figuras/circuito_medicion.png>
Package pdftex.def Info: ../Ex3/Figuras/circuito_medicion.png  used on input li
ne 152. on input line 152.
Package pdftex.def Info: Requested size: 400.38872pt x 135.04248pt on input lin
e 152.
<../Ex3/Figuras/fig_8.png, id=348, 1145.27875pt x 451.6875pt>
File: ../Ex3/Figuras/fig_8.png Graphic file (type png)
<use ../Ex3/Figuras/fig_8.png>
Package pdftex.def Info: ../Ex3/Figuras/fig_8.png  used on input line 166. on i
nput line 166.
Package pdftex.def Info: Requested size: 400.38872pt x 157.90689pt on input lin
e 166.
 [41 <../Ex3/Figuras/fig_4.png>] [42 <../Ex3/Figuras/fig_8.png>]
<../Ex3/Figuras/diagrama.png, id=358, 978.65625pt x 277.035pt>
File: ../Ex3/Figuras/diagrama.png Graphic file (type png)
<use ../Ex3/Figuras/diagrama.png>
Package pdftex.def Info: ../Ex3/Figuras/diagrama.png  used on input line 213. o
n input line 213.
Package pdftex.def Info: Requested size: 400.38872pt x 113.34413pt on input lin
e 213.
 [43 <../Ex3/Figuras/diagrama.png>]
LaTeX Font Info:    External font `cmex10' loaded for size
(Font)              <12> on input line 264.
LaTeX Font Info:    External font `cmex10' loaded for size
(Font)              <8> on input line 264.
LaTeX Font Info:    External font `cmex10' loaded for size
(Font)              <6> on input line 264.
 [44]

LaTeX Warning: `!h' float specifier changed to `!ht'.

[45]
<../Ex3/Figuras/medicion.png, id=371, 1027.84pt x 825.0825pt>
File: ../Ex3/Figuras/medicion.png Graphic file (type png)
<use ../Ex3/Figuras/medicion.png>
Package pdftex.def Info: ../Ex3/Figuras/medicion.png  used on input line 368. o
n input line 368.
Package pdftex.def Info: Requested size: 200.18489pt x 142.26393pt on input lin
e 368.


LaTeX Warning: Command \textdegree invalid in math mode on input line 378.


LaTeX Warning: Command \textdegree invalid in math mode on input line 378.

Missing character: There is no  in font cmr10!
<../Ex3/Figuras/fig_6.png, id=372, 296.10625pt x 345.29pt>
File: ../Ex3/Figuras/fig_6.png Graphic file (type png)
<use ../Ex3/Figuras/fig_6.png>
Package pdftex.def Info: ../Ex3/Figuras/fig_6.png  used on input line 385. on i
nput line 385.
Package pdftex.def Info: Requested size: 250.25018pt x 142.26527pt on input lin
e 385.
<../Ex3/Figuras/fig_7.png, id=373, 315.1775pt x 422.57875pt>
File: ../Ex3/Figuras/fig_7.png Graphic file (type png)
<use ../Ex3/Figuras/fig_7.png>
Package pdftex.def Info: ../Ex3/Figuras/fig_7.png  used on input line 395. on i
nput line 395.
Package pdftex.def Info: Requested size: 250.24269pt x 170.71788pt on input lin
e 395.

LaTeX Warning: `!h' float specifier changed to `!ht'.

) [46 <../Ex3/Figuras/medicion.png (PNG copy)>] [47 <../Ex3/Figuras/fig_6.png> 
<../Ex3/Figuras/fig_7.png>] ("Informe TP02 - Grupo 4.aux"
LaTeX Info: Redefining \. on input line 6.
LaTeX Info: Redefining \% on input line 6.
) ) 
Here is how much of TeX's memory you used:
 13313 strings out of 493312
 252050 string characters out of 3136296
 284188 words of memory out of 3000000
 16628 multiletter control sequences out of 15000+200000
 548407 words of font info for 54 fonts, out of 3000000 for 9000
 1141 hyphenation exceptions out of 8191
 40i,9n,31p,10419b,359s stack positions out of 5000i,500n,10000p,200000b,50000s
 <C:\Users\Ian Diaz\AppData\Local\MiKTeX\2.9\fonts\pk\ljfour\jknappen\ec\dpi
600\ecbi1200.pk> <C:\Users\Ian Diaz\AppData\Local\MiKTeX\2.9\fonts\pk\ljfour\jk
nappen\ec\dpi600\ecbi1000.pk> <C:\Users\Ian Diaz\AppData\Local\MiKTeX\2.9\fonts
\pk\ljfour\jknappen\ec\dpi600\tcrm1000.pk> <C:\Users\Ian Diaz\AppData\Local\MiK
TeX\2.9\fonts\pk\ljfour\jknappen\ec\dpi600\ecbx1728.pk> <C:\Users\Ian Diaz\AppD
ata\Local\MiKTeX\2.9\fonts\pk\ljfour\jknappen\ec\dpi600\ecti1000.pk> <C:\Users\
Ian Diaz\AppData\Local\MiKTeX\2.9\fonts\pk\ljfour\jknappen\ec\dpi600\ecrm1000.p
k> <C:\Users\Ian Diaz\AppData\Local\MiKTeX\2.9\fonts\pk\ljfour\jknappen\ec\dpi6
00\ecbx1000.pk> <C:\Users\Ian Diaz\AppData\Local\MiKTeX\2.9\fonts\pk\ljfour\jkn
appen\ec\dpi600\ecbx1200.pk> <C:\Users\Ian Diaz\AppData\Local\MiKTeX\2.9\fonts\
pk\ljfour\jknappen\ec\dpi600\ecbx1440.pk> <C:\Users\Ian Diaz\AppData\Local\MiKT
eX\2.9\fonts\pk\ljfour\jknappen\ec\dpi600\ecrm1200.pk> <C:\Users\Ian Diaz\AppDa
ta\Local\MiKTeX\2.9\fonts\pk\ljfour\jknappen\ec\dpi600\ecti1200.pk> <C:\Users\I
an Diaz\AppData\Local\MiKTeX\2.9\fonts\pk\ljfour\jknappen\ec\dpi600\tcbx2074.pk
> <C:\Users\Ian Diaz\AppData\Local\MiKTeX\2.9\fonts\pk\ljfour\jknappen\ec\dpi60
0\ecbx2074.pk> <C:\Users\Ian Diaz\AppData\Local\MiKTeX\2.9\fonts\pk\ljfour\jkna
ppen\ec\dpi600\eccc1200.pk> <C:\Users\Ian Diaz\AppData\Local\MiKTeX\2.9\fonts\p
k\ljfour\jknappen\ec\dpi600\eccc1440.pk><C:/Program Files (x86)/MiKTeX 2.9/font
s/type1/public/amsfonts/cm/cmex10.pfb><C:/Program Files (x86)/MiKTeX 2.9/fonts/
type1/public/amsfonts/cm/cmmi10.pfb><C:/Program Files (x86)/MiKTeX 2.9/fonts/ty
pe1/public/amsfonts/cm/cmmi12.pfb><C:/Program Files (x86)/MiKTeX 2.9/fonts/type
1/public/amsfonts/cm/cmmi5.pfb><C:/Program Files (x86)/MiKTeX 2.9/fonts/type1/p
ublic/amsfonts/cm/cmmi7.pfb><C:/Program Files (x86)/MiKTeX 2.9/fonts/type1/publ
ic/amsfonts/cm/cmmi8.pfb><C:/Program Files (x86)/MiKTeX 2.9/fonts/type1/public/
amsfonts/cm/cmr10.pfb><C:/Program Files (x86)/MiKTeX 2.9/fonts/type1/public/ams
fonts/cm/cmr5.pfb><C:/Program Files (x86)/MiKTeX 2.9/fonts/type1/public/amsfont
s/cm/cmr7.pfb><C:/Program Files (x86)/MiKTeX 2.9/fonts/type1/public/amsfonts/cm
/cmsy10.pfb><C:/Program Files (x86)/MiKTeX 2.9/fonts/type1/public/amsfonts/cm/c
msy5.pfb><C:/Program Files (x86)/MiKTeX 2.9/fonts/type1/public/amsfonts/cm/cmsy
7.pfb>
Output written on "Informe TP02 - Grupo 4.pdf" (48 pages, 2417610 bytes).
PDF statistics:
 854 PDF objects out of 1000 (max. 8388607)
 0 named destinations out of 1000 (max. 500000)
 526 words of extra memory for PDF output out of 10000 (max. 10000000)

