Added Component: Designator=C+Vcc(CAP200)
Add component. Clean all parameters for all variants
Added Component: Designator=C-Vcc(CAP200)
Add component. Clean all parameters for all variants
Added Component: Designator=DZ1(DO41)
Add component. Clean all parameters for all variants
Added Component: Designator=LM35(*TO127P254X495-3P)
Add component. Clean all parameters for all variants
Add component (AddParameter): Name = "Availability"; Value = "Unavailable"; VariantName = "[No Variations]"
Add component (AddParameter): Name = "MF"; Value = "Texas Instruments"; VariantName = "[No Variations]"
Add component (AddParameter): Name = "MP"; Value = "LM35DZ"; VariantName = "[No Variations]"
Add component (AddParameter): Name = "Package"; Value = "TO-92 Texas Instruments"; VariantName = "[No Variations]"
Add component (AddParameter): Name = "Price"; Value = "None"; VariantName = "[No Variations]"
Add component (AddParameter): Name = "SnapEDA_Link"; Value = "https://www.snapeda.com/parts/LM35DZ/Texas%20Instruments/view-part/?ref=snap"; VariantName = "[No Variations]"
Add component (AddParameter): Name = "Value"; Value = ""; VariantName = "[No Variations]"
Added Component: Designator=POWER(MOLEX3)
Add component. Clean all parameters for all variants
Added Component: Designator=R1(PRESET V)
Add component. Clean all parameters for all variants
Added Component: Designator=R2(0805)
Add component. Clean all parameters for all variants
Added Component: Designator=RA(0805)
Add component. Clean all parameters for all variants
Added Component: Designator=RB(0805)
Add component. Clean all parameters for all variants
Added Component: Designator=RF(0805)
Add component. Clean all parameters for all variants
Added Component: Designator=ROff(PRESET V)
Add component. Clean all parameters for all variants
Added Component: Designator=TL082(TI-P8)
Add component. Clean all parameters for all variants
Add component (AddParameter): Name = "CMRR(Min)(dB)"; Value = "75"; VariantName = "[No Variations]"
Add component (AddParameter): Name = "Code_JEDEC"; Value = "MS-001"; VariantName = "[No Variations]"
Add component (AddParameter): Name = "ComponentLink1Description"; Value = "Manufacturer URL"; VariantName = "[No Variations]"
Add component (AddParameter): Name = "ComponentLink1URL"; Value = "http://www.ti.com/"; VariantName = "[No Variations]"
Add component (AddParameter): Name = "ComponentLink2Description"; Value = "Datasheet"; VariantName = "[No Variations]"
Add component (AddParameter): Name = "ComponentLink2URL"; Value = "http://www.ti.com/lit/ds/symlink/tl082a.pdf"; VariantName = "[No Variations]"
Add component (AddParameter): Name = "ComponentLink3Description"; Value = "Package Specification"; VariantName = "[No Variations]"
Add component (AddParameter): Name = "ComponentLink3URL"; Value = "http://www.ti.com/litv/pdf/mpdi001b"; VariantName = "[No Variations]"
Add component (AddParameter): Name = "DatasheetVersion"; Value = "SLOS081G"; VariantName = "[No Variations]"
Add component (AddParameter): Name = "Eco-Plan"; Value = "Pb-Free (RoHS)"; VariantName = "[No Variations]"
Add component (AddParameter): Name = "GBW(Typ)(MHz)"; Value = "3"; VariantName = "[No Variations]"
Add component (AddParameter): Name = "IIB(Max)(pA)"; Value = "200"; VariantName = "[No Variations]"
Add component (AddParameter): Name = "Iq per channel(Max)(mA)"; Value = "2.8"; VariantName = "[No Variations]"
Add component (AddParameter): Name = "Manufacturer"; Value = "Texas Instruments"; VariantName = "[No Variations]"
Add component (AddParameter): Name = "Mounting Technology"; Value = "Through Hole"; VariantName = "[No Variations]"
Add component (AddParameter): Name = "Number of Channels"; Value = "2"; VariantName = "[No Variations]"
Add component (AddParameter): Name = "Offset Drift(Typ)(uV/C)"; Value = "18"; VariantName = "[No Variations]"
Add component (AddParameter): Name = "PackageDescription"; Value = "8-Pin Plastic In-Line, Body 9.59 x 6.35 mm, Pitch 2.54 mm"; VariantName = "[No Variations]"
Add component (AddParameter): Name = "PackageReference"; Value = "P8"; VariantName = "[No Variations]"
Add component (AddParameter): Name = "PackageVersion"; Value = "4040082/E, 04/2010"; VariantName = "[No Variations]"
Add component (AddParameter): Name = "PartNumber"; Value = "TL082ACP"; VariantName = "[No Variations]"
Add component (AddParameter): Name = "Rating"; Value = "Catalog"; VariantName = "[No Variations]"
Add component (AddParameter): Name = "Slew Rate(Typ)(V/us)"; Value = "13"; VariantName = "[No Variations]"
Add component (AddParameter): Name = "Sub Family"; Value = "General Purpose Amplifier, High Supply Voltage Amplifier (>=30V)"; VariantName = "[No Variations]"
Add component (AddParameter): Name = "Supplier 1"; Value = "Digi-Key"; VariantName = "[No Variations]"
Add component (AddParameter): Name = "Supplier 2"; Value = "Farnell"; VariantName = "[No Variations]"
Add component (AddParameter): Name = "Supplier 3"; Value = "Newark"; VariantName = "[No Variations]"
Add component (AddParameter): Name = "Supplier 4"; Value = "Mouser"; VariantName = "[No Variations]"
Add component (AddParameter): Name = "Supplier Part Number 1"; Value = "296-1778-5-ND"; VariantName = "[No Variations]"
Add component (AddParameter): Name = "Supplier Part Number 2"; Value = "1103189"; VariantName = "[No Variations]"
Add component (AddParameter): Name = "Supplier Part Number 3"; Value = "08F9330"; VariantName = "[No Variations]"
Add component (AddParameter): Name = "Supplier Part Number 4"; Value = "595-TL082ACP"; VariantName = "[No Variations]"
Add component (AddParameter): Name = "Total Supply Voltage(Max)(+5V is 5, +/-5V is 10)"; Value = "36"; VariantName = "[No Variations]"
Add component (AddParameter): Name = "Total Supply Voltage(Min)(+5V is 5, +/-5V is 10)"; Value = "7"; VariantName = "[No Variations]"
Add component (AddParameter): Name = "Vio (25C)(Max)(mV)"; Value = "6"; VariantName = "[No Variations]"
Add component (AddParameter): Name = "Vn at 1kHz(Typ)(nV/rtHz)"; Value = "18"; VariantName = "[No Variations]"
Added Component: Designator=Voff_In(MOLEX2)
Add component. Clean all parameters for all variants
Added Component: Designator=Voff_Jumper(JUMPER3)
Add component. Clean all parameters for all variants
Added Component: Designator=Voff_Out(SIP2)
Add component. Clean all parameters for all variants
Added Component: Designator=Vout_Out(SIP2)
Add component. Clean all parameters for all variants
Added Component: Designator=Vt_In(MOLEX2)
Add component. Clean all parameters for all variants
Added Component: Designator=Vt_Jumper(JUMPER3)
Add component. Clean all parameters for all variants
Added Component: Designator=Vt_Out(SIP2)
Add component. Clean all parameters for all variants
Added Pin To Net: NetName=+Vcc Pin=C+Vcc-1
Added Pin To Net: NetName=GND Pin=C+Vcc-2
Added Pin To Net: NetName=-Vcc Pin=C-Vcc-1
Added Pin To Net: NetName=GND Pin=C-Vcc-2
Added Pin To Net: NetName=GND Pin=DZ1-1
Added Pin To Net: NetName=Vout Pin=DZ1-2
Added Pin To Net: NetName=+Vcc Pin=LM35-1
Added Pin To Net: NetName=LM35_Out Pin=LM35-2
Added Pin To Net: NetName=GND Pin=LM35-3
Added Pin To Net: NetName=+Vcc Pin=POWER-1
Added Pin To Net: NetName=-Vcc Pin=POWER-2
Added Pin To Net: NetName=GND Pin=POWER-3
Added Pin To Net: NetName=Vt Pin=R1-1
Added Pin To Net: NetName=NetR1_2 Pin=R1-2
Added Pin To Net: NetName=NetR1_2 Pin=R2-1
Added Pin To Net: NetName=Out1 Pin=R2-2
Added Pin To Net: NetName=Out1 Pin=RA-1
Added Pin To Net: NetName=NetRA_2 Pin=RA-2
Added Pin To Net: NetName=Voff Pin=RB-1
Added Pin To Net: NetName=NetRA_2 Pin=RB-2
Added Pin To Net: NetName=NetRA_2 Pin=RF-1
Added Pin To Net: NetName=Vout Pin=RF-2
Added Pin To Net: NetName=GND Pin=ROff-1
Added Pin To Net: NetName=Int_Voff Pin=ROff-2
Added Pin To Net: NetName=+Vcc Pin=ROff-3
Added Pin To Net: NetName=Out1 Pin=TL082-1
Added Pin To Net: NetName=NetR1_2 Pin=TL082-2
Added Pin To Net: NetName=GND Pin=TL082-3
Added Pin To Net: NetName=-Vcc Pin=TL082-4
Added Pin To Net: NetName=GND Pin=TL082-5
Added Pin To Net: NetName=NetRA_2 Pin=TL082-6
Added Pin To Net: NetName=Vout Pin=TL082-7
Added Pin To Net: NetName=+Vcc Pin=TL082-8
Added Pin To Net: NetName=Ext_Voff Pin=Voff_In-1
Added Pin To Net: NetName=GND Pin=Voff_In-2
Added Pin To Net: NetName=Ext_Voff Pin=Voff_Jumper-1
Added Pin To Net: NetName=Voff Pin=Voff_Jumper-2
Added Pin To Net: NetName=Int_Voff Pin=Voff_Jumper-3
Added Pin To Net: NetName=Voff Pin=Voff_Out-1
Added Pin To Net: NetName=GND Pin=Voff_Out-2
Added Pin To Net: NetName=Vout Pin=Vout_Out-1
Added Pin To Net: NetName=GND Pin=Vout_Out-2
Added Pin To Net: NetName=Ext_Vt Pin=Vt_In-1
Added Pin To Net: NetName=GND Pin=Vt_In-2
Added Pin To Net: NetName=Ext_Vt Pin=Vt_Jumper-1
Added Pin To Net: NetName=Vt Pin=Vt_Jumper-2
Added Pin To Net: NetName=LM35_Out Pin=Vt_Jumper-3
Added Pin To Net: NetName=Vt Pin=Vt_Out-1
Added Pin To Net: NetName=GND Pin=Vt_Out-2
Added Member To Class: ClassName=Sheet1 Member=Component C+Vcc CAP
Added Member To Class: ClassName=Sheet1 Member=Component C-Vcc CAP
Added Member To Class: ClassName=Sheet1 Member=Component DZ1 DIODO ZENER
Added Member To Class: ClassName=Sheet1 Member=Component LM35 LM35DZ
Added Member To Class: ClassName=Sheet1 Member=Component POWER MOLEX3
Added Member To Class: ClassName=Sheet1 Member=Component R1 PRESET
Added Member To Class: ClassName=Sheet1 Member=Component R2 RES
Added Member To Class: ClassName=Sheet1 Member=Component RA RES
Added Member To Class: ClassName=Sheet1 Member=Component RB RES
Added Member To Class: ClassName=Sheet1 Member=Component RF RES
Added Member To Class: ClassName=Sheet1 Member=Component ROff PRESET
Added Member To Class: ClassName=Sheet1 Member=Component TL082 TL082ACP
Added Member To Class: ClassName=Sheet1 Member=Component Voff_In MOLEX2
Added Member To Class: ClassName=Sheet1 Member=Component Voff_Jumper JUMPER
Added Member To Class: ClassName=Sheet1 Member=Component Voff_Out CON2
Added Member To Class: ClassName=Sheet1 Member=Component Vout_Out CON2
Added Member To Class: ClassName=Sheet1 Member=Component Vt_In MOLEX2
Added Member To Class: ClassName=Sheet1 Member=Component Vt_Jumper JUMPER
Added Member To Class: ClassName=Sheet1 Member=Component Vt_Out CON2
Added Room: Name=Sheet1
